<?xml version="1.0" encoding="UTF-8"?>
<testsuite xmlns:xsi="http://www.w3.org/2001/XMLSchema-instance" xsi:noNamespaceSchemaLocation="https://maven.apache.org/surefire/maven-surefire-plugin/xsd/surefire-test-report.xsd" version="3.0.1" name="CoreTests.APIElementsTests.CollectionTest" time="0.03" tests="5" errors="0" skipped="0" failures="0">
  <properties>
[...]
</properties>
  <testcase name="collectionTestEquals_Valid" classname="CoreTests.APIElementsTests.CollectionTest" time="0.008"/>
  <testcase name="collectionTest_GetInvalidArticles" classname="CoreTests.APIElementsTests.CollectionTest" time="0.008"/>
  <testcase name="collectionTest_GetValidArticles" classname="CoreTests.APIElementsTests.CollectionTest" time="0.002"/>
  <testcase name="collectionTest_GetAllArticles" classname="CoreTests.APIElementsTests.CollectionTest" time="0.001"/>
  <testcase name="collectionTestEquals_Invalid" classname="CoreTests.APIElementsTests.CollectionTest" time="0.001"/>
</testsuite>