<?xml version="1.0" encoding="UTF-8"?>
<testsuite xmlns:xsi="http://www.w3.org/2001/XMLSchema-instance" xsi:noNamespaceSchemaLocation="https://maven.apache.org/surefire/maven-surefire-plugin/xsd/surefire-test-report.xsd" version="3.0.1" name="CoreTests.ParserTests.BasicParserTests" time="0.253" tests="7" errors="3" skipped="0" failures="4">
  <properties>
[...]
</properties>
  <testcase name="testParse_MixedGreenRedCollections" classname="CoreTests.ParserTests.BasicParserTests" time="0.125">
    <failure message="expected: &lt;[Collection {status= ok&#10;totalResults= 3&#10;articles= [Title: NHL fires referee Tim Peel after hot mic captures him saying he &apos;wanted to&apos; call penalty - NBC News&#10;Description: NHL ices referee Tim Peel after hot mic captures odd, f-bomb comment&#10;Date Published: Wed Mar 24 12:06:32 PDT 2021&#10;Source Link: https://www.nbcnews.com/news/us-news/nhl-fires-referee-tim-peel-after-hot-mic-captures-him-n1261954&#10;, Title: New coronavirus strain detected in India | TheHill - The Hill&#10;Description: A new coronavirus strain has been detected in India, the ...&#10;Date Published: Wed Mar 24 11:59:09 PDT 2021&#10;Source Link: https://thehill.com/homenews/news/544754-new-coronavirus-strain-detected-in-india&#10;, Title: Historic Image Of Black Hole In Polarized Light From Event Horizon Telescope - NPR&#10;Description: The Event Horizon Telescope project, which produced the world&apos;s first image of a black hole in 2019 in the M87 galaxy, unveiled a new view of its magnetic fields as captured by polarized light.&#10;Date Published: Wed Mar 24 14:05:34 PDT 2021&#10;Source Link: https://www.npr.org/2021/03/24/980896706/stunning-new-image-of-black-hole-reveals-surrounding-magnetic-fields&#10;]&#10;validArticles= [Title: NHL fires referee Tim Peel after hot mic captures him saying he &apos;wanted to&apos; call penalty - NBC News&#10;Description: NHL ices referee Tim Peel after hot mic captures odd, f-bomb comment&#10;Date Published: Wed Mar 24 12:06:32 PDT 2021&#10;Source Link: https://www.nbcnews.com/news/us-news/nhl-fires-referee-tim-peel-after-hot-mic-captures-him-n1261954&#10;, Title: New coronavirus strain detected in India | TheHill - The Hill&#10;Description: A new coronavirus strain has been detected in India, the ...&#10;Date Published: Wed Mar 24 11:59:09 PDT 2021&#10;Source Link: https://thehill.com/homenews/news/544754-new-coronavirus-strain-detected-in-india&#10;, Title: Historic Image Of Black Hole In Polarized Light From Event Horizon Telescope - NPR&#10;Description: The Event Horizon Telescope project, which produced the world&apos;s first image of a black hole in 2019 in the M87 galaxy, unveiled a new view of its magnetic fields as captured by polarized light.&#10;Date Published: Wed Mar 24 14:05:34 PDT 2021&#10;Source Link: https://www.npr.org/2021/03/24/980896706/stunning-new-image-of-black-hole-reveals-surrounding-magnetic-fields&#10;]&#10;invalidArticles= []}, Collection {status= ok&#10;totalResults= 3&#10;articles= [Title: NHL fires referee Tim Peel after hot mic captures him saying he &apos;wanted to&apos; call penalty - NBC News&#10;Description: NHL ices referee Tim Peel after hot mic captures odd, f-bomb comment&#10;Date Published: Wed Mar 24 12:06:32 PDT 2021&#10;Source Link: https://www.nbcnews.com/news/us-news/nhl-fires-referee-tim-peel-after-hot-mic-captures-him-n1261954&#10;, Title: New coronavirus strain detected in India | TheHill - The Hill&#10;Description: A new coronavirus strain has been detected in India, the ...&#10;Date Published: Wed Mar 24 11:59:09 PDT 2021&#10;Source Link: https://thehill.com/homenews/news/544754-new-coronavirus-strain-detected-in-india&#10;, Title: null&#10;Description: The Event Horizon Telescope project, which produced the world&apos;s first image of a black hole in 2019 in the M87 galaxy, unveiled a new view of its magnetic fields as captured by polarized light.&#10;Date Published: Wed Mar 24 14:05:34 PDT 2021&#10;Source Link: https://www.npr.org/2021/03/24/980896706/stunning-new-image-of-black-hole-reveals-surrounding-magnetic-fields&#10;]&#10;validArticles= [Title: NHL fires referee Tim Peel after hot mic captures him saying he &apos;wanted to&apos; call penalty - NBC News&#10;Description: NHL ices referee Tim Peel after hot mic captures odd, f-bomb comment&#10;Date Published: Wed Mar 24 12:06:32 PDT 2021&#10;Source Link: https://www.nbcnews.com/news/us-news/nhl-fires-referee-tim-peel-after-hot-mic-captures-him-n1261954&#10;, Title: New coronavirus strain detected in India | TheHill - The Hill&#10;Description: A new coronavirus strain has been detected in India, the ...&#10;Date Published: Wed Mar 24 11:59:09 PDT 2021&#10;Source Link: https://thehill.com/homenews/news/544754-new-coronavirus-strain-detected-in-india&#10;]&#10;invalidArticles= [Title: null&#10;Description: The Event Horizon Telescope project, which produced the world&apos;s first image of a black hole in 2019 in the M87 galaxy, unveiled a new view of its magnetic fields as captured by polarized light.&#10;Date Published: Wed Mar 24 14:05:34 PDT 2021&#10;Source Link: https://www.npr.org/2021/03/24/980896706/stunning-new-image-of-black-hole-reveals-surrounding-magnetic-fields&#10;]}, Collection {status= ok&#10;totalResults= 3&#10;articles= [Title: null&#10;Description: NHL ices referee Tim Peel after hot mic captures odd, f-bomb comment&#10;Date Published: Wed Mar 24 12:06:32 PDT 2021&#10;Source Link: https://www.nbcnews.com/news/us-news/nhl-fires-referee-tim-peel-after-hot-mic-captures-him-n1261954&#10;, Title: null&#10;Description: A new coronavirus strain has been detected in India, the ...&#10;Date Published: Wed Mar 24 11:59:09 PDT 2021&#10;Source Link: https://thehill.com/homenews/news/544754-new-coronavirus-strain-detected-in-india&#10;, Title: null&#10;Description: The Event Horizon Telescope project, which produced the world&apos;s first image of a black hole in 2019 in the M87 galaxy, unveiled a new view of its magnetic fields as captured by polarized light.&#10;Date Published: Wed Mar 24 14:05:34 PDT 2021&#10;Source Link: https://www.npr.org/2021/03/24/980896706/stunning-new-image-of-black-hole-reveals-surrounding-magnetic-fields&#10;]&#10;validArticles= []&#10;invalidArticles= [Title: null&#10;Description: NHL ices referee Tim Peel after hot mic captures odd, f-bomb comment&#10;Date Published: Wed Mar 24 12:06:32 PDT 2021&#10;Source Link: https://www.nbcnews.com/news/us-news/nhl-fires-referee-tim-peel-after-hot-mic-captures-him-n1261954&#10;, Title: null&#10;Description: A new coronavirus strain has been detected in India, the ...&#10;Date Published: Wed Mar 24 11:59:09 PDT 2021&#10;Source Link: https://thehill.com/homenews/news/544754-new-coronavirus-strain-detected-in-india&#10;, Title: null&#10;Description: The Event Horizon Telescope project, which produced the world&apos;s first image of a black hole in 2019 in the M87 galaxy, unveiled a new view of its magnetic fields as captured by polarized light.&#10;Date Published: Wed Mar 24 14:05:34 PDT 2021&#10;Source Link: https://www.npr.org/2021/03/24/980896706/stunning-new-image-of-black-hole-reveals-surrounding-magnetic-fields&#10;]}, Collection {status= ok&#10;totalResults= 3&#10;articles= [Title: NHL fires referee Tim Peel after hot mic captures him saying he &apos;wanted to&apos; call penalty - NBC News&#10;Description: NHL ices referee Tim Peel after hot mic captures odd, f-bomb comment&#10;Date Published: Wed Mar 24 12:06:32 PDT 2021&#10;Source Link: https://www.nbcnews.com/news/us-news/nhl-fires-referee-tim-peel-after-hot-mic-captures-him-n1261954&#10;, Title: New coronavirus strain detected in India | TheHill - The Hill&#10;Description: A new coronavirus strain has been detected in India, the ...&#10;Date Published: Wed Mar 24 11:59:09 PDT 2021&#10;Source Link: https://thehill.com/homenews/news/544754-new-coronavirus-strain-detected-in-india&#10;, Title: null&#10;Description: The Event Horizon Telescope project, which produced the world&apos;s first image of a black hole in 2019 in the M87 galaxy, unveiled a new view of its magnetic fields as captured by polarized light.&#10;Date Published: Wed Mar 24 14:05:34 PDT 2021&#10;Source Link: https://www.npr.org/2021/03/24/980896706/stunning-new-image-of-black-hole-reveals-surrounding-magnetic-fields&#10;]&#10;validArticles= [Title: NHL fires referee Tim Peel after hot mic captures him saying he &apos;wanted to&apos; call penalty - NBC News&#10;Description: NHL ices referee Tim Peel after hot mic captures odd, f-bomb comment&#10;Date Published: Wed Mar 24 12:06:32 PDT 2021&#10;Source Link: https://www.nbcnews.com/news/us-news/nhl-fires-referee-tim-peel-after-hot-mic-captures-him-n1261954&#10;, Title: New coronavirus strain detected in India | TheHill - The Hill&#10;Description: A new coronavirus strain has been detected in India, the ...&#10;Date Published: Wed Mar 24 11:59:09 PDT 2021&#10;Source Link: https://thehill.com/homenews/news/544754-new-coronavirus-strain-detected-in-india&#10;]&#10;invalidArticles= [Title: null&#10;Description: The Event Horizon Telescope project, which produced the world&apos;s first image of a black hole in 2019 in the M87 galaxy, unveiled a new view of its magnetic fields as captured by polarized light.&#10;Date Published: Wed Mar 24 14:05:34 PDT 2021&#10;Source Link: https://www.npr.org/2021/03/24/980896706/stunning-new-image-of-black-hole-reveals-surrounding-magnetic-fields&#10;]}, Collection {status= ok&#10;totalResults= 3&#10;articles= [Title: null&#10;Description: NHL ices referee Tim Peel after hot mic captures odd, f-bomb comment&#10;Date Published: Wed Mar 24 12:06:32 PDT 2021&#10;Source Link: https://www.nbcnews.com/news/us-news/nhl-fires-referee-tim-peel-after-hot-mic-captures-him-n1261954&#10;, Title: null&#10;Description: A new coronavirus strain has been detected in India, the ...&#10;Date Published: Wed Mar 24 11:59:09 PDT 2021&#10;Source Link: https://thehill.com/homenews/news/544754-new-coronavirus-strain-detected-in-india&#10;, Title: null&#10;Description: The Event Horizon Telescope project, which produced the world&apos;s first image of a black hole in 2019 in the M87 galaxy, unveiled a new view of its magnetic fields as captured by polarized light.&#10;Date Published: Wed Mar 24 14:05:34 PDT 2021&#10;Source Link: https://www.npr.org/2021/03/24/980896706/stunning-new-image-of-black-hole-reveals-surrounding-magnetic-fields&#10;]&#10;validArticles= []&#10;invalidArticles= [Title: null&#10;Description: NHL ices referee Tim Peel after hot mic captures odd, f-bomb comment&#10;Date Published: Wed Mar 24 12:06:32 PDT 2021&#10;Source Link: https://www.nbcnews.com/news/us-news/nhl-fires-referee-tim-peel-after-hot-mic-captures-him-n1261954&#10;, Title: null&#10;Description: A new coronavirus strain has been detected in India, the ...&#10;Date Published: Wed Mar 24 11:59:09 PDT 2021&#10;Source Link: https://thehill.com/homenews/news/544754-new-coronavirus-strain-detected-in-india&#10;, Title: null&#10;Description: The Event Horizon Telescope project, which produced the world&apos;s first image of a black hole in 2019 in the M87 galaxy, unveiled a new view of its magnetic fields as captured by polarized light.&#10;Date Published: Wed Mar 24 14:05:34 PDT 2021&#10;Source Link: https://www.npr.org/2021/03/24/980896706/stunning-new-image-of-black-hole-reveals-surrounding-magnetic-fields&#10;]}]&gt; but was: &lt;[]&gt;" type="org.opentest4j.AssertionFailedError"><![CDATA[org.opentest4j.AssertionFailedError: 
expected: <[Collection {status= ok
totalResults= 3
articles= [Title: NHL fires referee Tim Peel after hot mic captures him saying he 'wanted to' call penalty - NBC News
Description: NHL ices referee Tim Peel after hot mic captures odd, f-bomb comment
Date Published: Wed Mar 24 12:06:32 PDT 2021
Source Link: https://www.nbcnews.com/news/us-news/nhl-fires-referee-tim-peel-after-hot-mic-captures-him-n1261954
, Title: New coronavirus strain detected in India | TheHill - The Hill
Description: A new coronavirus strain has been detected in India, the ...
Date Published: Wed Mar 24 11:59:09 PDT 2021
Source Link: https://thehill.com/homenews/news/544754-new-coronavirus-strain-detected-in-india
, Title: Historic Image Of Black Hole In Polarized Light From Event Horizon Telescope - NPR
Description: The Event Horizon Telescope project, which produced the world's first image of a black hole in 2019 in the M87 galaxy, unveiled a new view of its magnetic fields as captured by polarized light.
Date Published: Wed Mar 24 14:05:34 PDT 2021
Source Link: https://www.npr.org/2021/03/24/980896706/stunning-new-image-of-black-hole-reveals-surrounding-magnetic-fields
]
validArticles= [Title: NHL fires referee Tim Peel after hot mic captures him saying he 'wanted to' call penalty - NBC News
Description: NHL ices referee Tim Peel after hot mic captures odd, f-bomb comment
Date Published: Wed Mar 24 12:06:32 PDT 2021
Source Link: https://www.nbcnews.com/news/us-news/nhl-fires-referee-tim-peel-after-hot-mic-captures-him-n1261954
, Title: New coronavirus strain detected in India | TheHill - The Hill
Description: A new coronavirus strain has been detected in India, the ...
Date Published: Wed Mar 24 11:59:09 PDT 2021
Source Link: https://thehill.com/homenews/news/544754-new-coronavirus-strain-detected-in-india
, Title: Historic Image Of Black Hole In Polarized Light From Event Horizon Telescope - NPR
Description: The Event Horizon Telescope project, which produced the world's first image of a black hole in 2019 in the M87 galaxy, unveiled a new view of its magnetic fields as captured by polarized light.
Date Published: Wed Mar 24 14:05:34 PDT 2021
Source Link: https://www.npr.org/2021/03/24/980896706/stunning-new-image-of-black-hole-reveals-surrounding-magnetic-fields
]
invalidArticles= []}, Collection {status= ok
totalResults= 3
articles= [Title: NHL fires referee Tim Peel after hot mic captures him saying he 'wanted to' call penalty - NBC News
Description: NHL ices referee Tim Peel after hot mic captures odd, f-bomb comment
Date Published: Wed Mar 24 12:06:32 PDT 2021
Source Link: https://www.nbcnews.com/news/us-news/nhl-fires-referee-tim-peel-after-hot-mic-captures-him-n1261954
, Title: New coronavirus strain detected in India | TheHill - The Hill
Description: A new coronavirus strain has been detected in India, the ...
Date Published: Wed Mar 24 11:59:09 PDT 2021
Source Link: https://thehill.com/homenews/news/544754-new-coronavirus-strain-detected-in-india
, Title: null
Description: The Event Horizon Telescope project, which produced the world's first image of a black hole in 2019 in the M87 galaxy, unveiled a new view of its magnetic fields as captured by polarized light.
Date Published: Wed Mar 24 14:05:34 PDT 2021
Source Link: https://www.npr.org/2021/03/24/980896706/stunning-new-image-of-black-hole-reveals-surrounding-magnetic-fields
]
validArticles= [Title: NHL fires referee Tim Peel after hot mic captures him saying he 'wanted to' call penalty - NBC News
Description: NHL ices referee Tim Peel after hot mic captures odd, f-bomb comment
Date Published: Wed Mar 24 12:06:32 PDT 2021
Source Link: https://www.nbcnews.com/news/us-news/nhl-fires-referee-tim-peel-after-hot-mic-captures-him-n1261954
, Title: New coronavirus strain detected in India | TheHill - The Hill
Description: A new coronavirus strain has been detected in India, the ...
Date Published: Wed Mar 24 11:59:09 PDT 2021
Source Link: https://thehill.com/homenews/news/544754-new-coronavirus-strain-detected-in-india
]
invalidArticles= [Title: null
Description: The Event Horizon Telescope project, which produced the world's first image of a black hole in 2019 in the M87 galaxy, unveiled a new view of its magnetic fields as captured by polarized light.
Date Published: Wed Mar 24 14:05:34 PDT 2021
Source Link: https://www.npr.org/2021/03/24/980896706/stunning-new-image-of-black-hole-reveals-surrounding-magnetic-fields
]}, Collection {status= ok
totalResults= 3
articles= [Title: null
Description: NHL ices referee Tim Peel after hot mic captures odd, f-bomb comment
Date Published: Wed Mar 24 12:06:32 PDT 2021
Source Link: https://www.nbcnews.com/news/us-news/nhl-fires-referee-tim-peel-after-hot-mic-captures-him-n1261954
, Title: null
Description: A new coronavirus strain has been detected in India, the ...
Date Published: Wed Mar 24 11:59:09 PDT 2021
Source Link: https://thehill.com/homenews/news/544754-new-coronavirus-strain-detected-in-india
, Title: null
Description: The Event Horizon Telescope project, which produced the world's first image of a black hole in 2019 in the M87 galaxy, unveiled a new view of its magnetic fields as captured by polarized light.
Date Published: Wed Mar 24 14:05:34 PDT 2021
Source Link: https://www.npr.org/2021/03/24/980896706/stunning-new-image-of-black-hole-reveals-surrounding-magnetic-fields
]
validArticles= []
invalidArticles= [Title: null
Description: NHL ices referee Tim Peel after hot mic captures odd, f-bomb comment
Date Published: Wed Mar 24 12:06:32 PDT 2021
Source Link: https://www.nbcnews.com/news/us-news/nhl-fires-referee-tim-peel-after-hot-mic-captures-him-n1261954
, Title: null
Description: A new coronavirus strain has been detected in India, the ...
Date Published: Wed Mar 24 11:59:09 PDT 2021
Source Link: https://thehill.com/homenews/news/544754-new-coronavirus-strain-detected-in-india
, Title: null
Description: The Event Horizon Telescope project, which produced the world's first image of a black hole in 2019 in the M87 galaxy, unveiled a new view of its magnetic fields as captured by polarized light.
Date Published: Wed Mar 24 14:05:34 PDT 2021
Source Link: https://www.npr.org/2021/03/24/980896706/stunning-new-image-of-black-hole-reveals-surrounding-magnetic-fields
]}, Collection {status= ok
totalResults= 3
articles= [Title: NHL fires referee Tim Peel after hot mic captures him saying he 'wanted to' call penalty - NBC News
Description: NHL ices referee Tim Peel after hot mic captures odd, f-bomb comment
Date Published: Wed Mar 24 12:06:32 PDT 2021
Source Link: https://www.nbcnews.com/news/us-news/nhl-fires-referee-tim-peel-after-hot-mic-captures-him-n1261954
, Title: New coronavirus strain detected in India | TheHill - The Hill
Description: A new coronavirus strain has been detected in India, the ...
Date Published: Wed Mar 24 11:59:09 PDT 2021
Source Link: https://thehill.com/homenews/news/544754-new-coronavirus-strain-detected-in-india
, Title: null
Description: The Event Horizon Telescope project, which produced the world's first image of a black hole in 2019 in the M87 galaxy, unveiled a new view of its magnetic fields as captured by polarized light.
Date Published: Wed Mar 24 14:05:34 PDT 2021
Source Link: https://www.npr.org/2021/03/24/980896706/stunning-new-image-of-black-hole-reveals-surrounding-magnetic-fields
]
validArticles= [Title: NHL fires referee Tim Peel after hot mic captures him saying he 'wanted to' call penalty - NBC News
Description: NHL ices referee Tim Peel after hot mic captures odd, f-bomb comment
Date Published: Wed Mar 24 12:06:32 PDT 2021
Source Link: https://www.nbcnews.com/news/us-news/nhl-fires-referee-tim-peel-after-hot-mic-captures-him-n1261954
, Title: New coronavirus strain detected in India | TheHill - The Hill
Description: A new coronavirus strain has been detected in India, the ...
Date Published: Wed Mar 24 11:59:09 PDT 2021
Source Link: https://thehill.com/homenews/news/544754-new-coronavirus-strain-detected-in-india
]
invalidArticles= [Title: null
Description: The Event Horizon Telescope project, which produced the world's first image of a black hole in 2019 in the M87 galaxy, unveiled a new view of its magnetic fields as captured by polarized light.
Date Published: Wed Mar 24 14:05:34 PDT 2021
Source Link: https://www.npr.org/2021/03/24/980896706/stunning-new-image-of-black-hole-reveals-surrounding-magnetic-fields
]}, Collection {status= ok
totalResults= 3
articles= [Title: null
Description: NHL ices referee Tim Peel after hot mic captures odd, f-bomb comment
Date Published: Wed Mar 24 12:06:32 PDT 2021
Source Link: https://www.nbcnews.com/news/us-news/nhl-fires-referee-tim-peel-after-hot-mic-captures-him-n1261954
, Title: null
Description: A new coronavirus strain has been detected in India, the ...
Date Published: Wed Mar 24 11:59:09 PDT 2021
Source Link: https://thehill.com/homenews/news/544754-new-coronavirus-strain-detected-in-india
, Title: null
Description: The Event Horizon Telescope project, which produced the world's first image of a black hole in 2019 in the M87 galaxy, unveiled a new view of its magnetic fields as captured by polarized light.
Date Published: Wed Mar 24 14:05:34 PDT 2021
Source Link: https://www.npr.org/2021/03/24/980896706/stunning-new-image-of-black-hole-reveals-surrounding-magnetic-fields
]
validArticles= []
invalidArticles= [Title: null
Description: NHL ices referee Tim Peel after hot mic captures odd, f-bomb comment
Date Published: Wed Mar 24 12:06:32 PDT 2021
Source Link: https://www.nbcnews.com/news/us-news/nhl-fires-referee-tim-peel-after-hot-mic-captures-him-n1261954
, Title: null
Description: A new coronavirus strain has been detected in India, the ...
Date Published: Wed Mar 24 11:59:09 PDT 2021
Source Link: https://thehill.com/homenews/news/544754-new-coronavirus-strain-detected-in-india
, Title: null
Description: The Event Horizon Telescope project, which produced the world's first image of a black hole in 2019 in the M87 galaxy, unveiled a new view of its magnetic fields as captured by polarized light.
Date Published: Wed Mar 24 14:05:34 PDT 2021
Source Link: https://www.npr.org/2021/03/24/980896706/stunning-new-image-of-black-hole-reveals-surrounding-magnetic-fields
]}]> but was: <[]>
	at org.junit.jupiter.api.AssertionFailureBuilder.build(AssertionFailureBuilder.java:151)
	at org.junit.jupiter.api.AssertionFailureBuilder.buildAndThrow(AssertionFailureBuilder.java:132)
	at org.junit.jupiter.api.AssertEquals.failNotEqual(AssertEquals.java:197)
	at org.junit.jupiter.api.AssertEquals.assertEquals(AssertEquals.java:182)
	at org.junit.jupiter.api.AssertEquals.assertEquals(AssertEquals.java:177)
	at org.junit.jupiter.api.Assertions.assertEquals(Assertions.java:1145)
	at CoreTests.ParserTests.BasicParserTests.testParse_MixedGreenRedCollections(BasicParserTests.java:203)
	at java.base/java.lang.reflect.Method.invoke(Method.java:580)
	at java.base/java.util.ArrayList.forEach(ArrayList.java:1597)
	at java.base/java.util.ArrayList.forEach(ArrayList.java:1597)
]]></failure>
    <system-err><![CDATA[Oct 30, 2024 3:05:29 PM CustomNewsAPI.Core.Parsers.APIParser lambda$0
SEVERE: Caught a JSONException while parsing.
{
  "status": "ok",
  "totalResults": 3,
  "articles": [
    {
      "source": {
        "id": "nbc-news",
        "name": "NBC News"
      },
      "author": "David K. Li, The Associated Press",
      "title": "NHL fires referee Tim Peel after hot mic captures him saying he 'wanted to' call penalty - NBC News",
      "description": "NHL ices referee Tim Peel after hot mic captures odd, f-bomb comment",
      "url": "https://www.nbcnews.com/news/us-news/nhl-fires-referee-tim-peel-after-hot-mic-captures-him-n1261954",
      "urlToImage": "https://media4.s-nbcnews.com/j/newscms/2021_12/3459282/210324-tim-peel-jm-1401_53a25ae71f2d6a577dbd8be6bf880c4e.nbcnews-fp-1200-630.jpg",
      "publishedAt": "2021-03-24T19:06:32Z",
      "content": "The NHL fired referee Tim Peel on Wednesday after a hot mic captured him boasting about whistling a penalty because he \"wanted to.\"\r\nThe league's action came less than 24 hours after Peel officiated … [+1920 chars]"
    },
    {
      "source": {
        "id": "the-hill",
        "name": "The Hill"
      },
      "author": "Mychael Schnell",
      "title": "New coronavirus strain detected in India | TheHill - The Hill",
      "description": "A new coronavirus strain has been detected in India, the ...",
      "url": "https://thehill.com/homenews/news/544754-new-coronavirus-strain-detected-in-india",
      "urlToImage": "https://thehill.com/sites/default/files/indiacoronavirus_032421getty.jpg",
      "publishedAt": "2021-03-24T18:59:09Z",
      "content": "A new coronavirus strain has been detected in India, the nation's health ministry announced on Wednesday, but officials have not yet determined if the variant is contributing to a surge of cases in t… [+1764 chars]"
    },
    {
      "source": {
        "id": null,
        "name": "NPR"
      },
      "author": "Rachel Treisman",
      "title": "Historic Image Of Black Hole In Polarized Light From Event Horizon Telescope - NPR",
      "description": "The Event Horizon Telescope project, which produced the world's first image of a black hole in 2019 in the M87 galaxy, unveiled a new view of its magnetic fields as captured by polarized light.",
      "url": "https://www.npr.org/2021/03/24/980896706/stunning-new-image-of-black-hole-reveals-surrounding-magnetic-fields",
      "urlToImage": "https://media.npr.org/assets/img/2021/03/24/black-hole_wide-9e71068489f46bf5fad165a35cfa0be937b0e968.jpg?s=1400",
      "publishedAt": "2021-03-24T21:05:34Z",
      "content": "The Event Horizon Telescope collaboration, which released the world's first image of a black hole in 2019, unveiled a new view on Wednesday showing how the object at the center of the M87 galaxy look… [+4196 chars]"
    }
  ]
}
JSONObject["status"] not found.
Oct 30, 2024 3:05:29 PM CustomNewsAPI.Core.Parsers.APIParser lambda$0
SEVERE: Caught a JSONException while parsing.
{
  "status": "ok",
  "totalResults": 3,
  "articles": [
    {
      "source": {
        "id": "nbc-news",
        "name": "NBC News"
      },
      "author": "David K. Li, The Associated Press",
      "title": "NHL fires referee Tim Peel after hot mic captures him saying he 'wanted to' call penalty - NBC News",
      "description": "NHL ices referee Tim Peel after hot mic captures odd, f-bomb comment",
      "url": "https://www.nbcnews.com/news/us-news/nhl-fires-referee-tim-peel-after-hot-mic-captures-him-n1261954",
      "urlToImage": "https://media4.s-nbcnews.com/j/newscms/2021_12/3459282/210324-tim-peel-jm-1401_53a25ae71f2d6a577dbd8be6bf880c4e.nbcnews-fp-1200-630.jpg",
      "publishedAt": "2021-03-24T19:06:32Z",
      "content": "The NHL fired referee Tim Peel on Wednesday after a hot mic captured him boasting about whistling a penalty because he \"wanted to.\"\r\nThe league's action came less than 24 hours after Peel officiated … [+1920 chars]"
    },
    {
      "source": {
        "id": "the-hill",
        "name": "The Hill"
      },
      "author": "Mychael Schnell",
      "title": "New coronavirus strain detected in India | TheHill - The Hill",
      "description": "A new coronavirus strain has been detected in India, the ...",
      "url": "https://thehill.com/homenews/news/544754-new-coronavirus-strain-detected-in-india",
      "urlToImage": "https://thehill.com/sites/default/files/indiacoronavirus_032421getty.jpg",
      "publishedAt": "2021-03-24T18:59:09Z",
      "content": "A new coronavirus strain has been detected in India, the nation's health ministry announced on Wednesday, but officials have not yet determined if the variant is contributing to a surge of cases in t… [+1764 chars]"
    },
    {
      "source": {
        "id": null,
        "name": "NPR"
      },
      "author": "Rachel Treisman",
      "description": "The Event Horizon Telescope project, which produced the world's first image of a black hole in 2019 in the M87 galaxy, unveiled a new view of its magnetic fields as captured by polarized light.",
      "url": "https://www.npr.org/2021/03/24/980896706/stunning-new-image-of-black-hole-reveals-surrounding-magnetic-fields",
      "urlToImage": "https://media.npr.org/assets/img/2021/03/24/black-hole_wide-9e71068489f46bf5fad165a35cfa0be937b0e968.jpg?s=1400",
      "publishedAt": "2021-03-24T21:05:34Z",
      "content": "The Event Horizon Telescope collaboration, which released the world's first image of a black hole in 2019, unveiled a new view on Wednesday showing how the object at the center of the M87 galaxy look… [+4196 chars]"
    }
  ]
}
JSONObject["status"] not found.
Oct 30, 2024 3:05:29 PM CustomNewsAPI.Core.Parsers.APIParser lambda$0
SEVERE: Caught a JSONException while parsing.
{
  "status": "ok",
  "totalResults": 3,
  "articles": [
    {
      "source": {
        "id": "nbc-news",
        "name": "NBC News"
      },
      "author": "David K. Li, The Associated Press",
      "description": "NHL ices referee Tim Peel after hot mic captures odd, f-bomb comment",
      "url": "https://www.nbcnews.com/news/us-news/nhl-fires-referee-tim-peel-after-hot-mic-captures-him-n1261954",
      "urlToImage": "https://media4.s-nbcnews.com/j/newscms/2021_12/3459282/210324-tim-peel-jm-1401_53a25ae71f2d6a577dbd8be6bf880c4e.nbcnews-fp-1200-630.jpg",
      "publishedAt": "2021-03-24T19:06:32Z",
      "content": "The NHL fired referee Tim Peel on Wednesday after a hot mic captured him boasting about whistling a penalty because he \"wanted to.\"\r\nThe league's action came less than 24 hours after Peel officiated … [+1920 chars]"
    },
    {
      "source": {
        "id": "the-hill",
        "name": "The Hill"
      },
      "author": "Mychael Schnell",
      "description": "A new coronavirus strain has been detected in India, the ...",
      "url": "https://thehill.com/homenews/news/544754-new-coronavirus-strain-detected-in-india",
      "urlToImage": "https://thehill.com/sites/default/files/indiacoronavirus_032421getty.jpg",
      "publishedAt": "2021-03-24T18:59:09Z",
      "content": "A new coronavirus strain has been detected in India, the nation's health ministry announced on Wednesday, but officials have not yet determined if the variant is contributing to a surge of cases in t… [+1764 chars]"
    },
    {
      "source": {
        "id": null,
        "name": "NPR"
      },
      "author": "Rachel Treisman",
      "description": "The Event Horizon Telescope project, which produced the world's first image of a black hole in 2019 in the M87 galaxy, unveiled a new view of its magnetic fields as captured by polarized light.",
      "url": "https://www.npr.org/2021/03/24/980896706/stunning-new-image-of-black-hole-reveals-surrounding-magnetic-fields",
      "urlToImage": "https://media.npr.org/assets/img/2021/03/24/black-hole_wide-9e71068489f46bf5fad165a35cfa0be937b0e968.jpg?s=1400",
      "publishedAt": "2021-03-24T21:05:34Z",
      "content": "The Event Horizon Telescope collaboration, which released the world's first image of a black hole in 2019, unveiled a new view on Wednesday showing how the object at the center of the M87 galaxy look… [+4196 chars]"
    }
  ]
}
JSONObject["status"] not found.
Oct 30, 2024 3:05:29 PM CustomNewsAPI.Core.Parsers.APIParser lambda$0
SEVERE: Caught a JSONException while parsing.
{
  "status": "ok",
  "totalResults": 3,
  "articles": [
    {
      "source": {
        "id": "nbc-news",
        "name": "NBC News"
      },
      "author": "David K. Li, The Associated Press",
      "title": "NHL fires referee Tim Peel after hot mic captures him saying he 'wanted to' call penalty - NBC News",
      "description": "NHL ices referee Tim Peel after hot mic captures odd, f-bomb comment",
      "url": "https://www.nbcnews.com/news/us-news/nhl-fires-referee-tim-peel-after-hot-mic-captures-him-n1261954",
      "urlToImage": "https://media4.s-nbcnews.com/j/newscms/2021_12/3459282/210324-tim-peel-jm-1401_53a25ae71f2d6a577dbd8be6bf880c4e.nbcnews-fp-1200-630.jpg",
      "publishedAt": "2021-03-24T19:06:32Z",
      "content": "The NHL fired referee Tim Peel on Wednesday after a hot mic captured him boasting about whistling a penalty because he \"wanted to.\"\r\nThe league's action came less than 24 hours after Peel officiated … [+1920 chars]"
    },
    {
      "source": {
        "id": "the-hill",
        "name": "The Hill"
      },
      "author": "Mychael Schnell",
      "title": "New coronavirus strain detected in India | TheHill - The Hill",
      "description": "A new coronavirus strain has been detected in India, the ...",
      "url": "https://thehill.com/homenews/news/544754-new-coronavirus-strain-detected-in-india",
      "urlToImage": "https://thehill.com/sites/default/files/indiacoronavirus_032421getty.jpg",
      "publishedAt": "2021-03-24T18:59:09Z",
      "content": "A new coronavirus strain has been detected in India, the nation's health ministry announced on Wednesday, but officials have not yet determined if the variant is contributing to a surge of cases in t… [+1764 chars]"
    },
    {
      "source": {
        "id": null,
        "name": "NPR"
      },
      "author": "Rachel Treisman",
      "description": "The Event Horizon Telescope project, which produced the world's first image of a black hole in 2019 in the M87 galaxy, unveiled a new view of its magnetic fields as captured by polarized light.",
      "url": "https://www.npr.org/2021/03/24/980896706/stunning-new-image-of-black-hole-reveals-surrounding-magnetic-fields",
      "urlToImage": "https://media.npr.org/assets/img/2021/03/24/black-hole_wide-9e71068489f46bf5fad165a35cfa0be937b0e968.jpg?s=1400",
      "publishedAt": "2021-03-24T21:05:34Z",
      "content": "The Event Horizon Telescope collaboration, which released the world's first image of a black hole in 2019, unveiled a new view on Wednesday showing how the object at the center of the M87 galaxy look… [+4196 chars]"
    }
  ]
}
JSONObject["status"] not found.
Oct 30, 2024 3:05:29 PM CustomNewsAPI.Core.Parsers.APIParser lambda$0
SEVERE: Caught a JSONException while parsing.
{
  "status": "ok",
  "totalResults": 3,
  "articles": [
    {
      "source": {
        "id": "nbc-news",
        "name": "NBC News"
      },
      "author": "David K. Li, The Associated Press",
      "description": "NHL ices referee Tim Peel after hot mic captures odd, f-bomb comment",
      "url": "https://www.nbcnews.com/news/us-news/nhl-fires-referee-tim-peel-after-hot-mic-captures-him-n1261954",
      "urlToImage": "https://media4.s-nbcnews.com/j/newscms/2021_12/3459282/210324-tim-peel-jm-1401_53a25ae71f2d6a577dbd8be6bf880c4e.nbcnews-fp-1200-630.jpg",
      "publishedAt": "2021-03-24T19:06:32Z",
      "content": "The NHL fired referee Tim Peel on Wednesday after a hot mic captured him boasting about whistling a penalty because he \"wanted to.\"\r\nThe league's action came less than 24 hours after Peel officiated … [+1920 chars]"
    },
    {
      "source": {
        "id": "the-hill",
        "name": "The Hill"
      },
      "author": "Mychael Schnell",
      "description": "A new coronavirus strain has been detected in India, the ...",
      "url": "https://thehill.com/homenews/news/544754-new-coronavirus-strain-detected-in-india",
      "urlToImage": "https://thehill.com/sites/default/files/indiacoronavirus_032421getty.jpg",
      "publishedAt": "2021-03-24T18:59:09Z",
      "content": "A new coronavirus strain has been detected in India, the nation's health ministry announced on Wednesday, but officials have not yet determined if the variant is contributing to a surge of cases in t… [+1764 chars]"
    },
    {
      "source": {
        "id": null,
        "name": "NPR"
      },
      "author": "Rachel Treisman",
      "description": "The Event Horizon Telescope project, which produced the world's first image of a black hole in 2019 in the M87 galaxy, unveiled a new view of its magnetic fields as captured by polarized light.",
      "url": "https://www.npr.org/2021/03/24/980896706/stunning-new-image-of-black-hole-reveals-surrounding-magnetic-fields",
      "urlToImage": "https://media.npr.org/assets/img/2021/03/24/black-hole_wide-9e71068489f46bf5fad165a35cfa0be937b0e968.jpg?s=1400",
      "publishedAt": "2021-03-24T21:05:34Z",
      "content": "The Event Horizon Telescope collaboration, which released the world's first image of a black hole in 2019, unveiled a new view on Wednesday showing how the object at the center of the M87 galaxy look… [+4196 chars]"
    }
  ]
}
JSONObject["status"] not found.
]]></system-err>
  </testcase>
  <testcase name="testParse_AllValidArticles" classname="CoreTests.ParserTests.BasicParserTests" time="0.008">
    <error message="Index 0 out of bounds for length 0" type="java.lang.IndexOutOfBoundsException"><![CDATA[java.lang.IndexOutOfBoundsException: Index 0 out of bounds for length 0
	at java.base/jdk.internal.util.Preconditions.outOfBounds(Preconditions.java:100)
	at java.base/jdk.internal.util.Preconditions.outOfBoundsCheckIndex(Preconditions.java:106)
	at java.base/jdk.internal.util.Preconditions.checkIndex(Preconditions.java:302)
	at java.base/java.util.Objects.checkIndex(Objects.java:365)
	at java.base/java.util.ArrayList.get(ArrayList.java:428)
	at CoreTests.ParserTests.BasicParserTests.testParse_AllValidArticles(BasicParserTests.java:45)
	at java.base/java.lang.reflect.Method.invoke(Method.java:580)
	at java.base/java.util.ArrayList.forEach(ArrayList.java:1597)
	at java.base/java.util.ArrayList.forEach(ArrayList.java:1597)
]]></error>
    <system-err><![CDATA[Oct 30, 2024 3:05:29 PM CustomNewsAPI.Core.Parsers.APIParser lambda$0
SEVERE: Caught a JSONException while parsing.
{
  "status": "ok",
  "totalResults": 3,
  "articles": [
    {
      "source": {
        "id": "nbc-news",
        "name": "NBC News"
      },
      "author": "David K. Li, The Associated Press",
      "title": "NHL fires referee Tim Peel after hot mic captures him saying he 'wanted to' call penalty - NBC News",
      "description": "NHL ices referee Tim Peel after hot mic captures odd, f-bomb comment",
      "url": "https://www.nbcnews.com/news/us-news/nhl-fires-referee-tim-peel-after-hot-mic-captures-him-n1261954",
      "urlToImage": "https://media4.s-nbcnews.com/j/newscms/2021_12/3459282/210324-tim-peel-jm-1401_53a25ae71f2d6a577dbd8be6bf880c4e.nbcnews-fp-1200-630.jpg",
      "publishedAt": "2021-03-24T19:06:32Z",
      "content": "The NHL fired referee Tim Peel on Wednesday after a hot mic captured him boasting about whistling a penalty because he \"wanted to.\"\r\nThe league's action came less than 24 hours after Peel officiated … [+1920 chars]"
    },
    {
      "source": {
        "id": "the-hill",
        "name": "The Hill"
      },
      "author": "Mychael Schnell",
      "title": "New coronavirus strain detected in India | TheHill - The Hill",
      "description": "A new coronavirus strain has been detected in India, the ...",
      "url": "https://thehill.com/homenews/news/544754-new-coronavirus-strain-detected-in-india",
      "urlToImage": "https://thehill.com/sites/default/files/indiacoronavirus_032421getty.jpg",
      "publishedAt": "2021-03-24T18:59:09Z",
      "content": "A new coronavirus strain has been detected in India, the nation's health ministry announced on Wednesday, but officials have not yet determined if the variant is contributing to a surge of cases in t… [+1764 chars]"
    },
    {
      "source": {
        "id": null,
        "name": "NPR"
      },
      "author": "Rachel Treisman",
      "title": "Historic Image Of Black Hole In Polarized Light From Event Horizon Telescope - NPR",
      "description": "The Event Horizon Telescope project, which produced the world's first image of a black hole in 2019 in the M87 galaxy, unveiled a new view of its magnetic fields as captured by polarized light.",
      "url": "https://www.npr.org/2021/03/24/980896706/stunning-new-image-of-black-hole-reveals-surrounding-magnetic-fields",
      "urlToImage": "https://media.npr.org/assets/img/2021/03/24/black-hole_wide-9e71068489f46bf5fad165a35cfa0be937b0e968.jpg?s=1400",
      "publishedAt": "2021-03-24T21:05:34Z",
      "content": "The Event Horizon Telescope collaboration, which released the world's first image of a black hole in 2019, unveiled a new view on Wednesday showing how the object at the center of the M87 galaxy look… [+4196 chars]"
    }
  ]
}
JSONObject["status"] not found.
]]></system-err>
  </testcase>
  <testcase name="testParse_MultipleAllValidCollections" classname="CoreTests.ParserTests.BasicParserTests" time="0.034">
    <failure message="expected: &lt;[]&gt; but was: &lt;[Collection {status= ok&#10;totalResults= 3&#10;articles= [Title: NHL fires referee Tim Peel after hot mic captures him saying he &apos;wanted to&apos; call penalty - NBC News&#10;Description: NHL ices referee Tim Peel after hot mic captures odd, f-bomb comment&#10;Date Published: Wed Mar 24 12:06:32 PDT 2021&#10;Source Link: https://www.nbcnews.com/news/us-news/nhl-fires-referee-tim-peel-after-hot-mic-captures-him-n1261954&#10;, Title: New coronavirus strain detected in India | TheHill - The Hill&#10;Description: A new coronavirus strain has been detected in India, the ...&#10;Date Published: Wed Mar 24 11:59:09 PDT 2021&#10;Source Link: https://thehill.com/homenews/news/544754-new-coronavirus-strain-detected-in-india&#10;, Title: Historic Image Of Black Hole In Polarized Light From Event Horizon Telescope - NPR&#10;Description: The Event Horizon Telescope project, which produced the world&apos;s first image of a black hole in 2019 in the M87 galaxy, unveiled a new view of its magnetic fields as captured by polarized light.&#10;Date Published: Wed Mar 24 14:05:34 PDT 2021&#10;Source Link: https://www.npr.org/2021/03/24/980896706/stunning-new-image-of-black-hole-reveals-surrounding-magnetic-fields&#10;]&#10;validArticles= [Title: NHL fires referee Tim Peel after hot mic captures him saying he &apos;wanted to&apos; call penalty - NBC News&#10;Description: NHL ices referee Tim Peel after hot mic captures odd, f-bomb comment&#10;Date Published: Wed Mar 24 12:06:32 PDT 2021&#10;Source Link: https://www.nbcnews.com/news/us-news/nhl-fires-referee-tim-peel-after-hot-mic-captures-him-n1261954&#10;, Title: New coronavirus strain detected in India | TheHill - The Hill&#10;Description: A new coronavirus strain has been detected in India, the ...&#10;Date Published: Wed Mar 24 11:59:09 PDT 2021&#10;Source Link: https://thehill.com/homenews/news/544754-new-coronavirus-strain-detected-in-india&#10;, Title: Historic Image Of Black Hole In Polarized Light From Event Horizon Telescope - NPR&#10;Description: The Event Horizon Telescope project, which produced the world&apos;s first image of a black hole in 2019 in the M87 galaxy, unveiled a new view of its magnetic fields as captured by polarized light.&#10;Date Published: Wed Mar 24 14:05:34 PDT 2021&#10;Source Link: https://www.npr.org/2021/03/24/980896706/stunning-new-image-of-black-hole-reveals-surrounding-magnetic-fields&#10;]&#10;invalidArticles= []}, Collection {status= ok&#10;totalResults= 3&#10;articles= [Title: NHL fires referee Tim Peel after hot mic captures him saying he &apos;wanted to&apos; call penalty - NBC News&#10;Description: NHL ices referee Tim Peel after hot mic captures odd, f-bomb comment&#10;Date Published: Wed Mar 24 12:06:32 PDT 2021&#10;Source Link: https://www.nbcnews.com/news/us-news/nhl-fires-referee-tim-peel-after-hot-mic-captures-him-n1261954&#10;, Title: New coronavirus strain detected in India | TheHill - The Hill&#10;Description: A new coronavirus strain has been detected in India, the ...&#10;Date Published: Wed Mar 24 11:59:09 PDT 2021&#10;Source Link: https://thehill.com/homenews/news/544754-new-coronavirus-strain-detected-in-india&#10;, Title: Historic Image Of Black Hole In Polarized Light From Event Horizon Telescope - NPR&#10;Description: The Event Horizon Telescope project, which produced the world&apos;s first image of a black hole in 2019 in the M87 galaxy, unveiled a new view of its magnetic fields as captured by polarized light.&#10;Date Published: Wed Mar 24 14:05:34 PDT 2021&#10;Source Link: https://www.npr.org/2021/03/24/980896706/stunning-new-image-of-black-hole-reveals-surrounding-magnetic-fields&#10;]&#10;validArticles= [Title: NHL fires referee Tim Peel after hot mic captures him saying he &apos;wanted to&apos; call penalty - NBC News&#10;Description: NHL ices referee Tim Peel after hot mic captures odd, f-bomb comment&#10;Date Published: Wed Mar 24 12:06:32 PDT 2021&#10;Source Link: https://www.nbcnews.com/news/us-news/nhl-fires-referee-tim-peel-after-hot-mic-captures-him-n1261954&#10;, Title: New coronavirus strain detected in India | TheHill - The Hill&#10;Description: A new coronavirus strain has been detected in India, the ...&#10;Date Published: Wed Mar 24 11:59:09 PDT 2021&#10;Source Link: https://thehill.com/homenews/news/544754-new-coronavirus-strain-detected-in-india&#10;, Title: Historic Image Of Black Hole In Polarized Light From Event Horizon Telescope - NPR&#10;Description: The Event Horizon Telescope project, which produced the world&apos;s first image of a black hole in 2019 in the M87 galaxy, unveiled a new view of its magnetic fields as captured by polarized light.&#10;Date Published: Wed Mar 24 14:05:34 PDT 2021&#10;Source Link: https://www.npr.org/2021/03/24/980896706/stunning-new-image-of-black-hole-reveals-surrounding-magnetic-fields&#10;]&#10;invalidArticles= []}, Collection {status= ok&#10;totalResults= 3&#10;articles= [Title: NHL fires referee Tim Peel after hot mic captures him saying he &apos;wanted to&apos; call penalty - NBC News&#10;Description: NHL ices referee Tim Peel after hot mic captures odd, f-bomb comment&#10;Date Published: Wed Mar 24 12:06:32 PDT 2021&#10;Source Link: https://www.nbcnews.com/news/us-news/nhl-fires-referee-tim-peel-after-hot-mic-captures-him-n1261954&#10;, Title: New coronavirus strain detected in India | TheHill - The Hill&#10;Description: A new coronavirus strain has been detected in India, the ...&#10;Date Published: Wed Mar 24 11:59:09 PDT 2021&#10;Source Link: https://thehill.com/homenews/news/544754-new-coronavirus-strain-detected-in-india&#10;, Title: Historic Image Of Black Hole In Polarized Light From Event Horizon Telescope - NPR&#10;Description: The Event Horizon Telescope project, which produced the world&apos;s first image of a black hole in 2019 in the M87 galaxy, unveiled a new view of its magnetic fields as captured by polarized light.&#10;Date Published: Wed Mar 24 14:05:34 PDT 2021&#10;Source Link: https://www.npr.org/2021/03/24/980896706/stunning-new-image-of-black-hole-reveals-surrounding-magnetic-fields&#10;]&#10;validArticles= [Title: NHL fires referee Tim Peel after hot mic captures him saying he &apos;wanted to&apos; call penalty - NBC News&#10;Description: NHL ices referee Tim Peel after hot mic captures odd, f-bomb comment&#10;Date Published: Wed Mar 24 12:06:32 PDT 2021&#10;Source Link: https://www.nbcnews.com/news/us-news/nhl-fires-referee-tim-peel-after-hot-mic-captures-him-n1261954&#10;, Title: New coronavirus strain detected in India | TheHill - The Hill&#10;Description: A new coronavirus strain has been detected in India, the ...&#10;Date Published: Wed Mar 24 11:59:09 PDT 2021&#10;Source Link: https://thehill.com/homenews/news/544754-new-coronavirus-strain-detected-in-india&#10;, Title: Historic Image Of Black Hole In Polarized Light From Event Horizon Telescope - NPR&#10;Description: The Event Horizon Telescope project, which produced the world&apos;s first image of a black hole in 2019 in the M87 galaxy, unveiled a new view of its magnetic fields as captured by polarized light.&#10;Date Published: Wed Mar 24 14:05:34 PDT 2021&#10;Source Link: https://www.npr.org/2021/03/24/980896706/stunning-new-image-of-black-hole-reveals-surrounding-magnetic-fields&#10;]&#10;invalidArticles= []}]&gt;" type="org.opentest4j.AssertionFailedError"><![CDATA[org.opentest4j.AssertionFailedError: 
expected: <[]> but was: <[Collection {status= ok
totalResults= 3
articles= [Title: NHL fires referee Tim Peel after hot mic captures him saying he 'wanted to' call penalty - NBC News
Description: NHL ices referee Tim Peel after hot mic captures odd, f-bomb comment
Date Published: Wed Mar 24 12:06:32 PDT 2021
Source Link: https://www.nbcnews.com/news/us-news/nhl-fires-referee-tim-peel-after-hot-mic-captures-him-n1261954
, Title: New coronavirus strain detected in India | TheHill - The Hill
Description: A new coronavirus strain has been detected in India, the ...
Date Published: Wed Mar 24 11:59:09 PDT 2021
Source Link: https://thehill.com/homenews/news/544754-new-coronavirus-strain-detected-in-india
, Title: Historic Image Of Black Hole In Polarized Light From Event Horizon Telescope - NPR
Description: The Event Horizon Telescope project, which produced the world's first image of a black hole in 2019 in the M87 galaxy, unveiled a new view of its magnetic fields as captured by polarized light.
Date Published: Wed Mar 24 14:05:34 PDT 2021
Source Link: https://www.npr.org/2021/03/24/980896706/stunning-new-image-of-black-hole-reveals-surrounding-magnetic-fields
]
validArticles= [Title: NHL fires referee Tim Peel after hot mic captures him saying he 'wanted to' call penalty - NBC News
Description: NHL ices referee Tim Peel after hot mic captures odd, f-bomb comment
Date Published: Wed Mar 24 12:06:32 PDT 2021
Source Link: https://www.nbcnews.com/news/us-news/nhl-fires-referee-tim-peel-after-hot-mic-captures-him-n1261954
, Title: New coronavirus strain detected in India | TheHill - The Hill
Description: A new coronavirus strain has been detected in India, the ...
Date Published: Wed Mar 24 11:59:09 PDT 2021
Source Link: https://thehill.com/homenews/news/544754-new-coronavirus-strain-detected-in-india
, Title: Historic Image Of Black Hole In Polarized Light From Event Horizon Telescope - NPR
Description: The Event Horizon Telescope project, which produced the world's first image of a black hole in 2019 in the M87 galaxy, unveiled a new view of its magnetic fields as captured by polarized light.
Date Published: Wed Mar 24 14:05:34 PDT 2021
Source Link: https://www.npr.org/2021/03/24/980896706/stunning-new-image-of-black-hole-reveals-surrounding-magnetic-fields
]
invalidArticles= []}, Collection {status= ok
totalResults= 3
articles= [Title: NHL fires referee Tim Peel after hot mic captures him saying he 'wanted to' call penalty - NBC News
Description: NHL ices referee Tim Peel after hot mic captures odd, f-bomb comment
Date Published: Wed Mar 24 12:06:32 PDT 2021
Source Link: https://www.nbcnews.com/news/us-news/nhl-fires-referee-tim-peel-after-hot-mic-captures-him-n1261954
, Title: New coronavirus strain detected in India | TheHill - The Hill
Description: A new coronavirus strain has been detected in India, the ...
Date Published: Wed Mar 24 11:59:09 PDT 2021
Source Link: https://thehill.com/homenews/news/544754-new-coronavirus-strain-detected-in-india
, Title: Historic Image Of Black Hole In Polarized Light From Event Horizon Telescope - NPR
Description: The Event Horizon Telescope project, which produced the world's first image of a black hole in 2019 in the M87 galaxy, unveiled a new view of its magnetic fields as captured by polarized light.
Date Published: Wed Mar 24 14:05:34 PDT 2021
Source Link: https://www.npr.org/2021/03/24/980896706/stunning-new-image-of-black-hole-reveals-surrounding-magnetic-fields
]
validArticles= [Title: NHL fires referee Tim Peel after hot mic captures him saying he 'wanted to' call penalty - NBC News
Description: NHL ices referee Tim Peel after hot mic captures odd, f-bomb comment
Date Published: Wed Mar 24 12:06:32 PDT 2021
Source Link: https://www.nbcnews.com/news/us-news/nhl-fires-referee-tim-peel-after-hot-mic-captures-him-n1261954
, Title: New coronavirus strain detected in India | TheHill - The Hill
Description: A new coronavirus strain has been detected in India, the ...
Date Published: Wed Mar 24 11:59:09 PDT 2021
Source Link: https://thehill.com/homenews/news/544754-new-coronavirus-strain-detected-in-india
, Title: Historic Image Of Black Hole In Polarized Light From Event Horizon Telescope - NPR
Description: The Event Horizon Telescope project, which produced the world's first image of a black hole in 2019 in the M87 galaxy, unveiled a new view of its magnetic fields as captured by polarized light.
Date Published: Wed Mar 24 14:05:34 PDT 2021
Source Link: https://www.npr.org/2021/03/24/980896706/stunning-new-image-of-black-hole-reveals-surrounding-magnetic-fields
]
invalidArticles= []}, Collection {status= ok
totalResults= 3
articles= [Title: NHL fires referee Tim Peel after hot mic captures him saying he 'wanted to' call penalty - NBC News
Description: NHL ices referee Tim Peel after hot mic captures odd, f-bomb comment
Date Published: Wed Mar 24 12:06:32 PDT 2021
Source Link: https://www.nbcnews.com/news/us-news/nhl-fires-referee-tim-peel-after-hot-mic-captures-him-n1261954
, Title: New coronavirus strain detected in India | TheHill - The Hill
Description: A new coronavirus strain has been detected in India, the ...
Date Published: Wed Mar 24 11:59:09 PDT 2021
Source Link: https://thehill.com/homenews/news/544754-new-coronavirus-strain-detected-in-india
, Title: Historic Image Of Black Hole In Polarized Light From Event Horizon Telescope - NPR
Description: The Event Horizon Telescope project, which produced the world's first image of a black hole in 2019 in the M87 galaxy, unveiled a new view of its magnetic fields as captured by polarized light.
Date Published: Wed Mar 24 14:05:34 PDT 2021
Source Link: https://www.npr.org/2021/03/24/980896706/stunning-new-image-of-black-hole-reveals-surrounding-magnetic-fields
]
validArticles= [Title: NHL fires referee Tim Peel after hot mic captures him saying he 'wanted to' call penalty - NBC News
Description: NHL ices referee Tim Peel after hot mic captures odd, f-bomb comment
Date Published: Wed Mar 24 12:06:32 PDT 2021
Source Link: https://www.nbcnews.com/news/us-news/nhl-fires-referee-tim-peel-after-hot-mic-captures-him-n1261954
, Title: New coronavirus strain detected in India | TheHill - The Hill
Description: A new coronavirus strain has been detected in India, the ...
Date Published: Wed Mar 24 11:59:09 PDT 2021
Source Link: https://thehill.com/homenews/news/544754-new-coronavirus-strain-detected-in-india
, Title: Historic Image Of Black Hole In Polarized Light From Event Horizon Telescope - NPR
Description: The Event Horizon Telescope project, which produced the world's first image of a black hole in 2019 in the M87 galaxy, unveiled a new view of its magnetic fields as captured by polarized light.
Date Published: Wed Mar 24 14:05:34 PDT 2021
Source Link: https://www.npr.org/2021/03/24/980896706/stunning-new-image-of-black-hole-reveals-surrounding-magnetic-fields
]
invalidArticles= []}]>
	at org.junit.jupiter.api.AssertionFailureBuilder.build(AssertionFailureBuilder.java:151)
	at org.junit.jupiter.api.AssertionFailureBuilder.buildAndThrow(AssertionFailureBuilder.java:132)
	at org.junit.jupiter.api.AssertEquals.failNotEqual(AssertEquals.java:197)
	at org.junit.jupiter.api.AssertEquals.assertEquals(AssertEquals.java:182)
	at org.junit.jupiter.api.AssertEquals.assertEquals(AssertEquals.java:177)
	at org.junit.jupiter.api.Assertions.assertEquals(Assertions.java:1145)
	at CoreTests.ParserTests.BasicParserTests.testParse_MultipleAllValidCollections(BasicParserTests.java:127)
	at java.base/java.lang.reflect.Method.invoke(Method.java:580)
	at java.base/java.util.ArrayList.forEach(ArrayList.java:1597)
	at java.base/java.util.ArrayList.forEach(ArrayList.java:1597)
]]></failure>
    <system-err><![CDATA[Oct 30, 2024 3:05:29 PM CustomNewsAPI.Core.Parsers.APIParser lambda$0
SEVERE: Caught a JSONException while parsing.
{
  "status": "ok",
  "totalResults": 3,
  "articles": [
    {
      "source": {
        "id": "nbc-news",
        "name": "NBC News"
      },
      "author": "David K. Li, The Associated Press",
      "title": "NHL fires referee Tim Peel after hot mic captures him saying he 'wanted to' call penalty - NBC News",
      "description": "NHL ices referee Tim Peel after hot mic captures odd, f-bomb comment",
      "url": "https://www.nbcnews.com/news/us-news/nhl-fires-referee-tim-peel-after-hot-mic-captures-him-n1261954",
      "urlToImage": "https://media4.s-nbcnews.com/j/newscms/2021_12/3459282/210324-tim-peel-jm-1401_53a25ae71f2d6a577dbd8be6bf880c4e.nbcnews-fp-1200-630.jpg",
      "publishedAt": "2021-03-24T19:06:32Z",
      "content": "The NHL fired referee Tim Peel on Wednesday after a hot mic captured him boasting about whistling a penalty because he \"wanted to.\"\r\nThe league's action came less than 24 hours after Peel officiated … [+1920 chars]"
    },
    {
      "source": {
        "id": "the-hill",
        "name": "The Hill"
      },
      "author": "Mychael Schnell",
      "title": "New coronavirus strain detected in India | TheHill - The Hill",
      "description": "A new coronavirus strain has been detected in India, the ...",
      "url": "https://thehill.com/homenews/news/544754-new-coronavirus-strain-detected-in-india",
      "urlToImage": "https://thehill.com/sites/default/files/indiacoronavirus_032421getty.jpg",
      "publishedAt": "2021-03-24T18:59:09Z",
      "content": "A new coronavirus strain has been detected in India, the nation's health ministry announced on Wednesday, but officials have not yet determined if the variant is contributing to a surge of cases in t… [+1764 chars]"
    },
    {
      "source": {
        "id": null,
        "name": "NPR"
      },
      "author": "Rachel Treisman",
      "title": "Historic Image Of Black Hole In Polarized Light From Event Horizon Telescope - NPR",
      "description": "The Event Horizon Telescope project, which produced the world's first image of a black hole in 2019 in the M87 galaxy, unveiled a new view of its magnetic fields as captured by polarized light.",
      "url": "https://www.npr.org/2021/03/24/980896706/stunning-new-image-of-black-hole-reveals-surrounding-magnetic-fields",
      "urlToImage": "https://media.npr.org/assets/img/2021/03/24/black-hole_wide-9e71068489f46bf5fad165a35cfa0be937b0e968.jpg?s=1400",
      "publishedAt": "2021-03-24T21:05:34Z",
      "content": "The Event Horizon Telescope collaboration, which released the world's first image of a black hole in 2019, unveiled a new view on Wednesday showing how the object at the center of the M87 galaxy look… [+4196 chars]"
    }
  ]
}
JSONObject["status"] not found.
Oct 30, 2024 3:05:30 PM CustomNewsAPI.Core.Parsers.APIParser lambda$0
SEVERE: Caught a JSONException while parsing.
{
  "status": "ok",
  "totalResults": 3,
  "articles": [
    {
      "source": {
        "id": "nbc-news",
        "name": "NBC News"
      },
      "author": "David K. Li, The Associated Press",
      "title": "NHL fires referee Tim Peel after hot mic captures him saying he 'wanted to' call penalty - NBC News",
      "description": "NHL ices referee Tim Peel after hot mic captures odd, f-bomb comment",
      "url": "https://www.nbcnews.com/news/us-news/nhl-fires-referee-tim-peel-after-hot-mic-captures-him-n1261954",
      "urlToImage": "https://media4.s-nbcnews.com/j/newscms/2021_12/3459282/210324-tim-peel-jm-1401_53a25ae71f2d6a577dbd8be6bf880c4e.nbcnews-fp-1200-630.jpg",
      "publishedAt": "2021-03-24T19:06:32Z",
      "content": "The NHL fired referee Tim Peel on Wednesday after a hot mic captured him boasting about whistling a penalty because he \"wanted to.\"\r\nThe league's action came less than 24 hours after Peel officiated … [+1920 chars]"
    },
    {
      "source": {
        "id": "the-hill",
        "name": "The Hill"
      },
      "author": "Mychael Schnell",
      "title": "New coronavirus strain detected in India | TheHill - The Hill",
      "description": "A new coronavirus strain has been detected in India, the ...",
      "url": "https://thehill.com/homenews/news/544754-new-coronavirus-strain-detected-in-india",
      "urlToImage": "https://thehill.com/sites/default/files/indiacoronavirus_032421getty.jpg",
      "publishedAt": "2021-03-24T18:59:09Z",
      "content": "A new coronavirus strain has been detected in India, the nation's health ministry announced on Wednesday, but officials have not yet determined if the variant is contributing to a surge of cases in t… [+1764 chars]"
    },
    {
      "source": {
        "id": null,
        "name": "NPR"
      },
      "author": "Rachel Treisman",
      "title": "Historic Image Of Black Hole In Polarized Light From Event Horizon Telescope - NPR",
      "description": "The Event Horizon Telescope project, which produced the world's first image of a black hole in 2019 in the M87 galaxy, unveiled a new view of its magnetic fields as captured by polarized light.",
      "url": "https://www.npr.org/2021/03/24/980896706/stunning-new-image-of-black-hole-reveals-surrounding-magnetic-fields",
      "urlToImage": "https://media.npr.org/assets/img/2021/03/24/black-hole_wide-9e71068489f46bf5fad165a35cfa0be937b0e968.jpg?s=1400",
      "publishedAt": "2021-03-24T21:05:34Z",
      "content": "The Event Horizon Telescope collaboration, which released the world's first image of a black hole in 2019, unveiled a new view on Wednesday showing how the object at the center of the M87 galaxy look… [+4196 chars]"
    }
  ]
}
JSONObject["status"] not found.
Oct 30, 2024 3:05:30 PM CustomNewsAPI.Core.Parsers.APIParser lambda$0
SEVERE: Caught a JSONException while parsing.
{
  "status": "ok",
  "totalResults": 3,
  "articles": [
    {
      "source": {
        "id": "nbc-news",
        "name": "NBC News"
      },
      "author": "David K. Li, The Associated Press",
      "title": "NHL fires referee Tim Peel after hot mic captures him saying he 'wanted to' call penalty - NBC News",
      "description": "NHL ices referee Tim Peel after hot mic captures odd, f-bomb comment",
      "url": "https://www.nbcnews.com/news/us-news/nhl-fires-referee-tim-peel-after-hot-mic-captures-him-n1261954",
      "urlToImage": "https://media4.s-nbcnews.com/j/newscms/2021_12/3459282/210324-tim-peel-jm-1401_53a25ae71f2d6a577dbd8be6bf880c4e.nbcnews-fp-1200-630.jpg",
      "publishedAt": "2021-03-24T19:06:32Z",
      "content": "The NHL fired referee Tim Peel on Wednesday after a hot mic captured him boasting about whistling a penalty because he \"wanted to.\"\r\nThe league's action came less than 24 hours after Peel officiated … [+1920 chars]"
    },
    {
      "source": {
        "id": "the-hill",
        "name": "The Hill"
      },
      "author": "Mychael Schnell",
      "title": "New coronavirus strain detected in India | TheHill - The Hill",
      "description": "A new coronavirus strain has been detected in India, the ...",
      "url": "https://thehill.com/homenews/news/544754-new-coronavirus-strain-detected-in-india",
      "urlToImage": "https://thehill.com/sites/default/files/indiacoronavirus_032421getty.jpg",
      "publishedAt": "2021-03-24T18:59:09Z",
      "content": "A new coronavirus strain has been detected in India, the nation's health ministry announced on Wednesday, but officials have not yet determined if the variant is contributing to a surge of cases in t… [+1764 chars]"
    },
    {
      "source": {
        "id": null,
        "name": "NPR"
      },
      "author": "Rachel Treisman",
      "title": "Historic Image Of Black Hole In Polarized Light From Event Horizon Telescope - NPR",
      "description": "The Event Horizon Telescope project, which produced the world's first image of a black hole in 2019 in the M87 galaxy, unveiled a new view of its magnetic fields as captured by polarized light.",
      "url": "https://www.npr.org/2021/03/24/980896706/stunning-new-image-of-black-hole-reveals-surrounding-magnetic-fields",
      "urlToImage": "https://media.npr.org/assets/img/2021/03/24/black-hole_wide-9e71068489f46bf5fad165a35cfa0be937b0e968.jpg?s=1400",
      "publishedAt": "2021-03-24T21:05:34Z",
      "content": "The Event Horizon Telescope collaboration, which released the world's first image of a black hole in 2019, unveiled a new view on Wednesday showing how the object at the center of the M87 galaxy look… [+4196 chars]"
    }
  ]
}
JSONObject["status"] not found.
]]></system-err>
  </testcase>
  <testcase name="testParse_AllInvalidArticles" classname="CoreTests.ParserTests.BasicParserTests" time="0.007">
    <error message="Index 0 out of bounds for length 0" type="java.lang.IndexOutOfBoundsException"><![CDATA[java.lang.IndexOutOfBoundsException: Index 0 out of bounds for length 0
	at java.base/jdk.internal.util.Preconditions.outOfBounds(Preconditions.java:100)
	at java.base/jdk.internal.util.Preconditions.outOfBoundsCheckIndex(Preconditions.java:106)
	at java.base/jdk.internal.util.Preconditions.checkIndex(Preconditions.java:302)
	at java.base/java.util.Objects.checkIndex(Objects.java:365)
	at java.base/java.util.ArrayList.get(ArrayList.java:428)
	at CoreTests.ParserTests.BasicParserTests.testParse_AllInvalidArticles(BasicParserTests.java:73)
	at java.base/java.lang.reflect.Method.invoke(Method.java:580)
	at java.base/java.util.ArrayList.forEach(ArrayList.java:1597)
	at java.base/java.util.ArrayList.forEach(ArrayList.java:1597)
]]></error>
    <system-err><![CDATA[Oct 30, 2024 3:05:30 PM CustomNewsAPI.Core.Parsers.APIParser lambda$0
SEVERE: Caught a JSONException while parsing.
{
  "status": "ok",
  "totalResults": 3,
  "articles": [
    {
      "source": {
        "id": "nbc-news",
        "name": "NBC News"
      },
      "author": "David K. Li, The Associated Press",
      "description": "NHL ices referee Tim Peel after hot mic captures odd, f-bomb comment",
      "url": "https://www.nbcnews.com/news/us-news/nhl-fires-referee-tim-peel-after-hot-mic-captures-him-n1261954",
      "urlToImage": "https://media4.s-nbcnews.com/j/newscms/2021_12/3459282/210324-tim-peel-jm-1401_53a25ae71f2d6a577dbd8be6bf880c4e.nbcnews-fp-1200-630.jpg",
      "publishedAt": "2021-03-24T19:06:32Z",
      "content": "The NHL fired referee Tim Peel on Wednesday after a hot mic captured him boasting about whistling a penalty because he \"wanted to.\"\r\nThe league's action came less than 24 hours after Peel officiated … [+1920 chars]"
    },
    {
      "source": {
        "id": "the-hill",
        "name": "The Hill"
      },
      "author": "Mychael Schnell",
      "description": "A new coronavirus strain has been detected in India, the ...",
      "url": "https://thehill.com/homenews/news/544754-new-coronavirus-strain-detected-in-india",
      "urlToImage": "https://thehill.com/sites/default/files/indiacoronavirus_032421getty.jpg",
      "publishedAt": "2021-03-24T18:59:09Z",
      "content": "A new coronavirus strain has been detected in India, the nation's health ministry announced on Wednesday, but officials have not yet determined if the variant is contributing to a surge of cases in t… [+1764 chars]"
    },
    {
      "source": {
        "id": null,
        "name": "NPR"
      },
      "author": "Rachel Treisman",
      "description": "The Event Horizon Telescope project, which produced the world's first image of a black hole in 2019 in the M87 galaxy, unveiled a new view of its magnetic fields as captured by polarized light.",
      "url": "https://www.npr.org/2021/03/24/980896706/stunning-new-image-of-black-hole-reveals-surrounding-magnetic-fields",
      "urlToImage": "https://media.npr.org/assets/img/2021/03/24/black-hole_wide-9e71068489f46bf5fad165a35cfa0be937b0e968.jpg?s=1400",
      "publishedAt": "2021-03-24T21:05:34Z",
      "content": "The Event Horizon Telescope collaboration, which released the world's first image of a black hole in 2019, unveiled a new view on Wednesday showing how the object at the center of the M87 galaxy look… [+4196 chars]"
    }
  ]
}
JSONObject["status"] not found.
]]></system-err>
  </testcase>
  <testcase name="testParse_MultipleMixedCollections" classname="CoreTests.ParserTests.BasicParserTests" time="0.018">
    <failure message="expected: &lt;[]&gt; but was: &lt;[Collection {status= ok&#10;totalResults= 3&#10;articles= [Title: NHL fires referee Tim Peel after hot mic captures him saying he &apos;wanted to&apos; call penalty - NBC News&#10;Description: NHL ices referee Tim Peel after hot mic captures odd, f-bomb comment&#10;Date Published: Wed Mar 24 12:06:32 PDT 2021&#10;Source Link: https://www.nbcnews.com/news/us-news/nhl-fires-referee-tim-peel-after-hot-mic-captures-him-n1261954&#10;, Title: New coronavirus strain detected in India | TheHill - The Hill&#10;Description: A new coronavirus strain has been detected in India, the ...&#10;Date Published: Wed Mar 24 11:59:09 PDT 2021&#10;Source Link: https://thehill.com/homenews/news/544754-new-coronavirus-strain-detected-in-india&#10;, Title: null&#10;Description: The Event Horizon Telescope project, which produced the world&apos;s first image of a black hole in 2019 in the M87 galaxy, unveiled a new view of its magnetic fields as captured by polarized light.&#10;Date Published: Wed Mar 24 14:05:34 PDT 2021&#10;Source Link: https://www.npr.org/2021/03/24/980896706/stunning-new-image-of-black-hole-reveals-surrounding-magnetic-fields&#10;]&#10;validArticles= [Title: NHL fires referee Tim Peel after hot mic captures him saying he &apos;wanted to&apos; call penalty - NBC News&#10;Description: NHL ices referee Tim Peel after hot mic captures odd, f-bomb comment&#10;Date Published: Wed Mar 24 12:06:32 PDT 2021&#10;Source Link: https://www.nbcnews.com/news/us-news/nhl-fires-referee-tim-peel-after-hot-mic-captures-him-n1261954&#10;, Title: New coronavirus strain detected in India | TheHill - The Hill&#10;Description: A new coronavirus strain has been detected in India, the ...&#10;Date Published: Wed Mar 24 11:59:09 PDT 2021&#10;Source Link: https://thehill.com/homenews/news/544754-new-coronavirus-strain-detected-in-india&#10;]&#10;invalidArticles= [Title: null&#10;Description: The Event Horizon Telescope project, which produced the world&apos;s first image of a black hole in 2019 in the M87 galaxy, unveiled a new view of its magnetic fields as captured by polarized light.&#10;Date Published: Wed Mar 24 14:05:34 PDT 2021&#10;Source Link: https://www.npr.org/2021/03/24/980896706/stunning-new-image-of-black-hole-reveals-surrounding-magnetic-fields&#10;]}, Collection {status= ok&#10;totalResults= 3&#10;articles= [Title: NHL fires referee Tim Peel after hot mic captures him saying he &apos;wanted to&apos; call penalty - NBC News&#10;Description: NHL ices referee Tim Peel after hot mic captures odd, f-bomb comment&#10;Date Published: Wed Mar 24 12:06:32 PDT 2021&#10;Source Link: https://www.nbcnews.com/news/us-news/nhl-fires-referee-tim-peel-after-hot-mic-captures-him-n1261954&#10;, Title: New coronavirus strain detected in India | TheHill - The Hill&#10;Description: A new coronavirus strain has been detected in India, the ...&#10;Date Published: Wed Mar 24 11:59:09 PDT 2021&#10;Source Link: https://thehill.com/homenews/news/544754-new-coronavirus-strain-detected-in-india&#10;, Title: null&#10;Description: The Event Horizon Telescope project, which produced the world&apos;s first image of a black hole in 2019 in the M87 galaxy, unveiled a new view of its magnetic fields as captured by polarized light.&#10;Date Published: Wed Mar 24 14:05:34 PDT 2021&#10;Source Link: https://www.npr.org/2021/03/24/980896706/stunning-new-image-of-black-hole-reveals-surrounding-magnetic-fields&#10;]&#10;validArticles= [Title: NHL fires referee Tim Peel after hot mic captures him saying he &apos;wanted to&apos; call penalty - NBC News&#10;Description: NHL ices referee Tim Peel after hot mic captures odd, f-bomb comment&#10;Date Published: Wed Mar 24 12:06:32 PDT 2021&#10;Source Link: https://www.nbcnews.com/news/us-news/nhl-fires-referee-tim-peel-after-hot-mic-captures-him-n1261954&#10;, Title: New coronavirus strain detected in India | TheHill - The Hill&#10;Description: A new coronavirus strain has been detected in India, the ...&#10;Date Published: Wed Mar 24 11:59:09 PDT 2021&#10;Source Link: https://thehill.com/homenews/news/544754-new-coronavirus-strain-detected-in-india&#10;]&#10;invalidArticles= [Title: null&#10;Description: The Event Horizon Telescope project, which produced the world&apos;s first image of a black hole in 2019 in the M87 galaxy, unveiled a new view of its magnetic fields as captured by polarized light.&#10;Date Published: Wed Mar 24 14:05:34 PDT 2021&#10;Source Link: https://www.npr.org/2021/03/24/980896706/stunning-new-image-of-black-hole-reveals-surrounding-magnetic-fields&#10;]}, Collection {status= ok&#10;totalResults= 3&#10;articles= [Title: NHL fires referee Tim Peel after hot mic captures him saying he &apos;wanted to&apos; call penalty - NBC News&#10;Description: NHL ices referee Tim Peel after hot mic captures odd, f-bomb comment&#10;Date Published: Wed Mar 24 12:06:32 PDT 2021&#10;Source Link: https://www.nbcnews.com/news/us-news/nhl-fires-referee-tim-peel-after-hot-mic-captures-him-n1261954&#10;, Title: New coronavirus strain detected in India | TheHill - The Hill&#10;Description: A new coronavirus strain has been detected in India, the ...&#10;Date Published: Wed Mar 24 11:59:09 PDT 2021&#10;Source Link: https://thehill.com/homenews/news/544754-new-coronavirus-strain-detected-in-india&#10;, Title: null&#10;Description: The Event Horizon Telescope project, which produced the world&apos;s first image of a black hole in 2019 in the M87 galaxy, unveiled a new view of its magnetic fields as captured by polarized light.&#10;Date Published: Wed Mar 24 14:05:34 PDT 2021&#10;Source Link: https://www.npr.org/2021/03/24/980896706/stunning-new-image-of-black-hole-reveals-surrounding-magnetic-fields&#10;]&#10;validArticles= [Title: NHL fires referee Tim Peel after hot mic captures him saying he &apos;wanted to&apos; call penalty - NBC News&#10;Description: NHL ices referee Tim Peel after hot mic captures odd, f-bomb comment&#10;Date Published: Wed Mar 24 12:06:32 PDT 2021&#10;Source Link: https://www.nbcnews.com/news/us-news/nhl-fires-referee-tim-peel-after-hot-mic-captures-him-n1261954&#10;, Title: New coronavirus strain detected in India | TheHill - The Hill&#10;Description: A new coronavirus strain has been detected in India, the ...&#10;Date Published: Wed Mar 24 11:59:09 PDT 2021&#10;Source Link: https://thehill.com/homenews/news/544754-new-coronavirus-strain-detected-in-india&#10;]&#10;invalidArticles= [Title: null&#10;Description: The Event Horizon Telescope project, which produced the world&apos;s first image of a black hole in 2019 in the M87 galaxy, unveiled a new view of its magnetic fields as captured by polarized light.&#10;Date Published: Wed Mar 24 14:05:34 PDT 2021&#10;Source Link: https://www.npr.org/2021/03/24/980896706/stunning-new-image-of-black-hole-reveals-surrounding-magnetic-fields&#10;]}]&gt;" type="org.opentest4j.AssertionFailedError"><![CDATA[org.opentest4j.AssertionFailedError: 
expected: <[]> but was: <[Collection {status= ok
totalResults= 3
articles= [Title: NHL fires referee Tim Peel after hot mic captures him saying he 'wanted to' call penalty - NBC News
Description: NHL ices referee Tim Peel after hot mic captures odd, f-bomb comment
Date Published: Wed Mar 24 12:06:32 PDT 2021
Source Link: https://www.nbcnews.com/news/us-news/nhl-fires-referee-tim-peel-after-hot-mic-captures-him-n1261954
, Title: New coronavirus strain detected in India | TheHill - The Hill
Description: A new coronavirus strain has been detected in India, the ...
Date Published: Wed Mar 24 11:59:09 PDT 2021
Source Link: https://thehill.com/homenews/news/544754-new-coronavirus-strain-detected-in-india
, Title: null
Description: The Event Horizon Telescope project, which produced the world's first image of a black hole in 2019 in the M87 galaxy, unveiled a new view of its magnetic fields as captured by polarized light.
Date Published: Wed Mar 24 14:05:34 PDT 2021
Source Link: https://www.npr.org/2021/03/24/980896706/stunning-new-image-of-black-hole-reveals-surrounding-magnetic-fields
]
validArticles= [Title: NHL fires referee Tim Peel after hot mic captures him saying he 'wanted to' call penalty - NBC News
Description: NHL ices referee Tim Peel after hot mic captures odd, f-bomb comment
Date Published: Wed Mar 24 12:06:32 PDT 2021
Source Link: https://www.nbcnews.com/news/us-news/nhl-fires-referee-tim-peel-after-hot-mic-captures-him-n1261954
, Title: New coronavirus strain detected in India | TheHill - The Hill
Description: A new coronavirus strain has been detected in India, the ...
Date Published: Wed Mar 24 11:59:09 PDT 2021
Source Link: https://thehill.com/homenews/news/544754-new-coronavirus-strain-detected-in-india
]
invalidArticles= [Title: null
Description: The Event Horizon Telescope project, which produced the world's first image of a black hole in 2019 in the M87 galaxy, unveiled a new view of its magnetic fields as captured by polarized light.
Date Published: Wed Mar 24 14:05:34 PDT 2021
Source Link: https://www.npr.org/2021/03/24/980896706/stunning-new-image-of-black-hole-reveals-surrounding-magnetic-fields
]}, Collection {status= ok
totalResults= 3
articles= [Title: NHL fires referee Tim Peel after hot mic captures him saying he 'wanted to' call penalty - NBC News
Description: NHL ices referee Tim Peel after hot mic captures odd, f-bomb comment
Date Published: Wed Mar 24 12:06:32 PDT 2021
Source Link: https://www.nbcnews.com/news/us-news/nhl-fires-referee-tim-peel-after-hot-mic-captures-him-n1261954
, Title: New coronavirus strain detected in India | TheHill - The Hill
Description: A new coronavirus strain has been detected in India, the ...
Date Published: Wed Mar 24 11:59:09 PDT 2021
Source Link: https://thehill.com/homenews/news/544754-new-coronavirus-strain-detected-in-india
, Title: null
Description: The Event Horizon Telescope project, which produced the world's first image of a black hole in 2019 in the M87 galaxy, unveiled a new view of its magnetic fields as captured by polarized light.
Date Published: Wed Mar 24 14:05:34 PDT 2021
Source Link: https://www.npr.org/2021/03/24/980896706/stunning-new-image-of-black-hole-reveals-surrounding-magnetic-fields
]
validArticles= [Title: NHL fires referee Tim Peel after hot mic captures him saying he 'wanted to' call penalty - NBC News
Description: NHL ices referee Tim Peel after hot mic captures odd, f-bomb comment
Date Published: Wed Mar 24 12:06:32 PDT 2021
Source Link: https://www.nbcnews.com/news/us-news/nhl-fires-referee-tim-peel-after-hot-mic-captures-him-n1261954
, Title: New coronavirus strain detected in India | TheHill - The Hill
Description: A new coronavirus strain has been detected in India, the ...
Date Published: Wed Mar 24 11:59:09 PDT 2021
Source Link: https://thehill.com/homenews/news/544754-new-coronavirus-strain-detected-in-india
]
invalidArticles= [Title: null
Description: The Event Horizon Telescope project, which produced the world's first image of a black hole in 2019 in the M87 galaxy, unveiled a new view of its magnetic fields as captured by polarized light.
Date Published: Wed Mar 24 14:05:34 PDT 2021
Source Link: https://www.npr.org/2021/03/24/980896706/stunning-new-image-of-black-hole-reveals-surrounding-magnetic-fields
]}, Collection {status= ok
totalResults= 3
articles= [Title: NHL fires referee Tim Peel after hot mic captures him saying he 'wanted to' call penalty - NBC News
Description: NHL ices referee Tim Peel after hot mic captures odd, f-bomb comment
Date Published: Wed Mar 24 12:06:32 PDT 2021
Source Link: https://www.nbcnews.com/news/us-news/nhl-fires-referee-tim-peel-after-hot-mic-captures-him-n1261954
, Title: New coronavirus strain detected in India | TheHill - The Hill
Description: A new coronavirus strain has been detected in India, the ...
Date Published: Wed Mar 24 11:59:09 PDT 2021
Source Link: https://thehill.com/homenews/news/544754-new-coronavirus-strain-detected-in-india
, Title: null
Description: The Event Horizon Telescope project, which produced the world's first image of a black hole in 2019 in the M87 galaxy, unveiled a new view of its magnetic fields as captured by polarized light.
Date Published: Wed Mar 24 14:05:34 PDT 2021
[...]
ults= 3&#10;articles= [Title: null&#10;Description: NHL ices referee Tim Peel after hot mic captures odd, f-bomb comment&#10;Date Published: Wed Mar 24 12:06:32 PDT 2021&#10;Source Link: https://www.nbcnews.com/news/us-news/nhl-fires-referee-tim-peel-after-hot-mic-captures-him-n1261954&#10;, Title: null&#10;Description: A new coronavirus strain has been detected in India, the ...&#10;Date Published: Wed Mar 24 11:59:09 PDT 2021&#10;Source Link: https://thehill.com/homenews/news/544754-new-coronavirus-strain-detected-in-india&#10;, Title: null&#10;Description: The Event Horizon Telescope project, which produced the world&apos;s first image of a black hole in 2019 in the M87 galaxy, unveiled a new view of its magnetic fields as captured by polarized light.&#10;Date Published: Wed Mar 24 14:05:34 PDT 2021&#10;Source Link: https://www.npr.org/2021/03/24/980896706/stunning-new-image-of-black-hole-reveals-surrounding-magnetic-fields&#10;]&#10;validArticles= []&#10;invalidArticles= [Title: null&#10;Description: NHL ices referee Tim Peel after hot mic captures odd, f-bomb comment&#10;Date Published: Wed Mar 24 12:06:32 PDT 2021&#10;Source Link: https://www.nbcnews.com/news/us-news/nhl-fires-referee-tim-peel-after-hot-mic-captures-him-n1261954&#10;, Title: null&#10;Description: A new coronavirus strain has been detected in India, the ...&#10;Date Published: Wed Mar 24 11:59:09 PDT 2021&#10;Source Link: https://thehill.com/homenews/news/544754-new-coronavirus-strain-detected-in-india&#10;, Title: null&#10;Description: The Event Horizon Telescope project, which produced the world&apos;s first image of a black hole in 2019 in the M87 galaxy, unveiled a new view of its magnetic fields as captured by polarized light.&#10;Date Published: Wed Mar 24 14:05:34 PDT 2021&#10;Source Link: https://www.npr.org/2021/03/24/980896706/stunning-new-image-of-black-hole-reveals-surrounding-magnetic-fields&#10;]}, Collection {status= ok&#10;totalResults= 3&#10;articles= [Title: null&#10;Description: NHL ices referee Tim Peel after hot mic captures odd, f-bomb comment&#10;Date Published: Wed Mar 24 12:06:32 PDT 2021&#10;Source Link: https://www.nbcnews.com/news/us-news/nhl-fires-referee-tim-peel-after-hot-mic-captures-him-n1261954&#10;, Title: null&#10;Description: A new coronavirus strain has been detected in India, the ...&#10;Date Published: Wed Mar 24 11:59:09 PDT 2021&#10;Source Link: https://thehill.com/homenews/news/544754-new-coronavirus-strain-detected-in-india&#10;, Title: null&#10;Description: The Event Horizon Telescope project, which produced the world&apos;s first image of a black hole in 2019 in the M87 galaxy, unveiled a new view of its magnetic fields as captured by polarized light.&#10;Date Published: Wed Mar 24 14:05:34 PDT 2021&#10;Source Link: https://www.npr.org/2021/03/24/980896706/stunning-new-image-of-black-hole-reveals-surrounding-magnetic-fields&#10;]&#10;validArticles= []&#10;invalidArticles= [Title: null&#10;Description: NHL ices referee Tim Peel after hot mic captures odd, f-bomb comment&#10;Date Published: Wed Mar 24 12:06:32 PDT 2021&#10;Source Link: https://www.nbcnews.com/news/us-news/nhl-fires-referee-tim-peel-after-hot-mic-captures-him-n1261954&#10;, Title: null&#10;Description: A new coronavirus strain has been detected in India, the ...&#10;Date Published: Wed Mar 24 11:59:09 PDT 2021&#10;Source Link: https://thehill.com/homenews/news/544754-new-coronavirus-strain-detected-in-india&#10;, Title: null&#10;Description: The Event Horizon Telescope project, which produced the world&apos;s first image of a black hole in 2019 in the M87 galaxy, unveiled a new view of its magnetic fields as captured by polarized light.&#10;Date Published: Wed Mar 24 14:05:34 PDT 2021&#10;Source Link: https://www.npr.org/2021/03/24/980896706/stunning-new-image-of-black-hole-reveals-surrounding-magnetic-fields&#10;]}, Collection {status= ok&#10;totalResults= 3&#10;articles= [Title: null&#10;Description: NHL ices referee Tim Peel after hot mic captures odd, f-bomb comment&#10;Date Published: Wed Mar 24 12:06:32 PDT 2021&#10;Source Link: https://www.nbcnews.com/news/us-news/nhl-fires-referee-tim-peel-after-hot-mic-captures-him-n1261954&#10;, Title: null&#10;Description: A new coronavirus strain has been detected in India, the ...&#10;Date Published: Wed Mar 24 11:59:09 PDT 2021&#10;Source Link: https://thehill.com/homenews/news/544754-new-coronavirus-strain-detected-in-india&#10;, Title: null&#10;Description: The Event Horizon Telescope project, which produced the world&apos;s first image of a black hole in 2019 in the M87 galaxy, unveiled a new view of its magnetic fields as captured by polarized light.&#10;Date Published: Wed Mar 24 14:05:34 PDT 2021&#10;Source Link: https://www.npr.org/2021/03/24/980896706/stunning-new-image-of-black-hole-reveals-surrounding-magnetic-fields&#10;]&#10;validArticles= []&#10;invalidArticles= [Title: null&#10;Description: NHL ices referee Tim Peel after hot mic captures odd, f-bomb comment&#10;Date Published: Wed Mar 24 12:06:32 PDT 2021&#10;Source Link: https://www.nbcnews.com/news/us-news/nhl-fires-referee-tim-peel-after-hot-mic-captures-him-n1261954&#10;, Title: null&#10;Description: A new coronavirus strain has been detected in India, the ...&#10;Date Published: Wed Mar 24 11:59:09 PDT 2021&#10;Source Link: https://thehill.com/homenews/news/544754-new-coronavirus-strain-detected-in-india&#10;, Title: null&#10;Description: The Event Horizon Telescope project, which produced the world&apos;s first image of a black hole in 2019 in the M87 galaxy, unveiled a new view of its magnetic fields as captured by polarized light.&#10;Date Published: Wed Mar 24 14:05:34 PDT 2021&#10;Source Link: https://www.npr.org/2021/03/24/980896706/stunning-new-image-of-black-hole-reveals-surrounding-magnetic-fields&#10;]}]&gt;" type="org.opentest4j.AssertionFailedError"><![CDATA[org.opentest4j.AssertionFailedError: 
expected: <[]> but was: <[Collection {status= ok
totalResults= 3
articles= [Title: null
Description: NHL ices referee Tim Peel after hot mic captures odd, f-bomb comment
Date Published: Wed Mar 24 12:06:32 PDT 2021
Source Link: https://www.nbcnews.com/news/us-news/nhl-fires-referee-tim-peel-after-hot-mic-captures-him-n1261954
, Title: null
Description: A new coronavirus strain has been detected in India, the ...
Date Published: Wed Mar 24 11:59:09 PDT 2021
Source Link: https://thehill.com/homenews/news/544754-new-coronavirus-strain-detected-in-india
, Title: null
Description: The Event Horizon Telescope project, which produced the world's first image of a black hole in 2019 in the M87 galaxy, unveiled a new view of its magnetic fields as captured by polarized light.
Date Published: Wed Mar 24 14:05:34 PDT 2021
Source Link: https://www.npr.org/2021/03/24/980896706/stunning-new-image-of-black-hole-reveals-surrounding-magnetic-fields
]
validArticles= []
invalidArticles= [Title: null
Description: NHL ices referee Tim Peel after hot mic captures odd, f-bomb comment
Date Published: Wed Mar 24 12:06:32 PDT 2021
Source Link: https://www.nbcnews.com/news/us-news/nhl-fires-referee-tim-peel-after-hot-mic-captures-him-n1261954
, Title: null
Description: A new coronavirus strain has been detected in India, the ...
Date Published: Wed Mar 24 11:59:09 PDT 2021
Source Link: https://thehill.com/homenews/news/544754-new-coronavirus-strain-detected-in-india
, Title: null
Description: The Event Horizon Telescope project, which produced the world's first image of a black hole in 2019 in the M87 galaxy, unveiled a new view of its magnetic fields as captured by polarized light.
Date Published: Wed Mar 24 14:05:34 PDT 2021
Source Link: https://www.npr.org/2021/03/24/980896706/stunning-new-image-of-black-hole-reveals-surrounding-magnetic-fields
]}, Collection {status= ok
totalResults= 3
articles= [Title: null
Description: NHL ices referee Tim Peel after hot mic captures odd, f-bomb comment
Date Published: Wed Mar 24 12:06:32 PDT 2021
Source Link: https://www.nbcnews.com/news/us-news/nhl-fires-referee-tim-peel-after-hot-mic-captures-him-n1261954
, Title: null
Description: A new coronavirus strain has been detected in India, the ...
Date Published: Wed Mar 24 11:59:09 PDT 2021
Source Link: https://thehill.com/homenews/news/544754-new-coronavirus-strain-detected-in-india
, Title: null
Description: The Event Horizon Telescope project, which produced the world's first image of a black hole in 2019 in the M87 galaxy, unveiled a new view of its magnetic fields as captured by polarized light.
Date Published: Wed Mar 24 14:05:34 PDT 2021
Source Link: https://www.npr.org/2021/03/24/980896706/stunning-new-image-of-black-hole-reveals-surrounding-magnetic-fields
]
validArticles= []
invalidArticles= [Title: null
Description: NHL ices referee Tim Peel after hot mic captures odd, f-bomb comment
Date Published: Wed Mar 24 12:06:32 PDT 2021
Source Link: https://www.nbcnews.com/news/us-news/nhl-fires-referee-tim-peel-after-hot-mic-captures-him-n1261954
, Title: null
Description: A new coronavirus strain has been detected in India, the ...
Date Published: Wed Mar 24 11:59:09 PDT 2021
Source Link: https://thehill.com/homenews/news/544754-new-coronavirus-strain-detected-in-india
, Title: null
Description: The Event Horizon Telescope project, which produced the world's first image of a black hole in 2019 in the M87 galaxy, unveiled a new view of its magnetic fields as captured by polarized light.
Date Published: Wed Mar 24 14:05:34 PDT 2021
Source Link: https://www.npr.org/2021/03/24/980896706/stunning-new-image-of-black-hole-reveals-surrounding-magnetic-fields
]}, Collection {status= ok
totalResults= 3
articles= [Title: null
Description: NHL ices referee Tim Peel after hot mic captures odd, f-bomb comment
Date Published: Wed Mar 24 12:06:32 PDT 2021
Source Link: https://www.nbcnews.com/news/us-news/nhl-fires-referee-tim-peel-after-hot-mic-captures-him-n1261954
, Title: null
Description: A new coronavirus strain has been detected in India, the ...
Date Published: Wed Mar 24 11:59:09 PDT 2021
Source Link: https://thehill.com/homenews/news/544754-new-coronavirus-strain-detected-in-india
, Title: null
Description: The Event Horizon Telescope project, which produced the world's first image of a black hole in 2019 in the M87 galaxy, unveiled a new view of its magnetic fields as captured by polarized light.
Date Published: Wed Mar 24 14:05:34 PDT 2021
Source Link: https://www.npr.org/2021/03/24/980896706/stunning-new-image-of-black-hole-reveals-surrounding-magnetic-fields
]
validArticles= []
invalidArticles= [Title: null
Description: NHL ices referee Tim Peel after hot mic captures odd, f-bomb comment
Date Published: Wed Mar 24 12:06:32 PDT 2021
Source Link: https://www.nbcnews.com/news/us-news/nhl-fires-referee-tim-peel-after-hot-mic-captures-him-n1261954
, Title: null
Description: A new coronavirus strain has been detected in India, the ...
Date Published: Wed Mar 24 11:59:09 PDT 2021
Source Link: https://thehill.com/homenews/news/544754-new-coronavirus-strain-detected-in-india
, Title: null
Description: The Event Horizon Telescope project, which produced the world's first image of a black hole in 2019 in the M87 galaxy, unveiled a new view of its magnetic fields as captured by polarized light.
Date Published: Wed Mar 24 14:05:34 PDT 2021
Source Link: https://www.npr.org/2021/03/24/980896706/stunning-new-image-of-black-hole-reveals-surrounding-magnetic-fields
]}]>
	at org.junit.jupiter.api.AssertionFailureBuilder.build(AssertionFailureBuilder.java:151)
	at org.junit.jupiter.api.AssertionFailureBuilder.buildAndThrow(AssertionFailureBuilder.java:132)
	at org.junit.jupiter.api.AssertEquals.failNotEqual(AssertEquals.java:197)
	at org.junit.jupiter.api.AssertEquals.assertEquals(AssertEquals.java:182)
	at org.junit.jupiter.api.AssertEquals.assertEquals(AssertEquals.java:177)
	at org.junit.jupiter.api.Assertions.assertEquals(Assertions.java:1145)
	at CoreTests.ParserTests.BasicParserTests.testParse_MultipleInvalidCollections(BasicParserTests.java:148)
	at java.base/java.lang.reflect.Method.invoke(Method.java:580)
	at java.base/java.util.ArrayList.forEach(ArrayList.java:1597)
	at java.base/java.util.ArrayList.forEach(ArrayList.java:1597)
]]></failure>
    <system-err><![CDATA[Oct 30, 2024 3:05:30 PM CustomNewsAPI.Core.Parsers.APIParser lambda$0
SEVERE: Caught a JSONException while parsing.
{
  "status": "ok",
  "totalResults": 3,
  "articles": [
    {
      "source": {
        "id": "nbc-news",
        "name": "NBC News"
      },
      "author": "David K. Li, The Associated Press",
      "description": "NHL ices referee Tim Peel after hot mic captures odd, f-bomb comment",
      "url": "https://www.nbcnews.com/news/us-news/nhl-fires-referee-tim-peel-after-hot-mic-captures-him-n1261954",
      "urlToImage": "https://media4.s-nbcnews.com/j/newscms/2021_12/3459282/210324-tim-peel-jm-1401_53a25ae71f2d6a577dbd8be6bf880c4e.nbcnews-fp-1200-630.jpg",
      "publishedAt": "2021-03-24T19:06:32Z",
      "content": "The NHL fired referee Tim Peel on Wednesday after a hot mic captured him boasting about whistling a penalty because he \"wanted to.\"\r\nThe league's action came less than 24 hours after Peel officiated … [+1920 chars]"
    },
    {
      "source": {
        "id": "the-hill",
        "name": "The Hill"
      },
      "author": "Mychael Schnell",
      "description": "A new coronavirus strain has been detected in India, the ...",
      "url": "https://thehill.com/homenews/news/544754-new-coronavirus-strain-detected-in-india",
      "urlToImage": "https://thehill.com/sites/default/files/indiacoronavirus_032421getty.jpg",
      "publishedAt": "2021-03-24T18:59:09Z",
      "content": "A new coronavirus strain has been detected in India, the nation's health ministry announced on Wednesday, but officials have not yet determined if the variant is contributing to a surge of cases in t… [+1764 chars]"
    },
    {
      "source": {
        "id": null,
        "name": "NPR"
      },
      "author": "Rachel Treisman",
      "description": "The Event Horizon Telescope project, which produced the world's first image of a black hole in 2019 in the M87 galaxy, unveiled a new view of its magnetic fields as captured by polarized light.",
      "url": "https://www.npr.org/2021/03/24/980896706/stunning-new-image-of-black-hole-reveals-surrounding-magnetic-fields",
      "urlToImage": "https://media.npr.org/assets/img/2021/03/24/black-hole_wide-9e71068489f46bf5fad165a35cfa0be937b0e968.jpg?s=1400",
      "publishedAt": "2021-03-24T21:05:34Z",
      "content": "The Event Horizon Telescope collaboration, which released the world's first image of a black hole in 2019, unveiled a new view on Wednesday showing how the object at the center of the M87 galaxy look… [+4196 chars]"
    }
  ]
}
JSONObject["status"] not found.
Oct 30, 2024 3:05:30 PM CustomNewsAPI.Core.Parsers.APIParser lambda$0
SEVERE: Caught a JSONException while parsing.
{
  "status": "ok",
  "totalResults": 3,
  "articles": [
    {
      "source": {
        "id": "nbc-news",
        "name": "NBC News"
      },
      "author": "David K. Li, The Associated Press",
      "description": "NHL ices referee Tim Peel after hot mic captures odd, f-bomb comment",
      "url": "https://www.nbcnews.com/news/us-news/nhl-fires-referee-tim-peel-after-hot-mic-captures-him-n1261954",
      "urlToImage": "https://media4.s-nbcnews.com/j/newscms/2021_12/3459282/210324-tim-peel-jm-1401_53a25ae71f2d6a577dbd8be6bf880c4e.nbcnews-fp-1200-630.jpg",
      "publishedAt": "2021-03-24T19:06:32Z",
      "content": "The NHL fired referee Tim Peel on Wednesday after a hot mic captured him boasting about whistling a penalty because he \"wanted to.\"\r\nThe league's action came less than 24 hours after Peel officiated … [+1920 chars]"
    },
    {
      "source": {
        "id": "the-hill",
        "name": "The Hill"
      },
      "author": "Mychael Schnell",
      "description": "A new coronavirus strain has been detected in India, the ...",
      "url": "https://thehill.com/homenews/news/544754-new-coronavirus-strain-detected-in-india",
      "urlToImage": "https://thehill.com/sites/default/files/indiacoronavirus_032421getty.jpg",
      "publishedAt": "2021-03-24T18:59:09Z",
      "content": "A new coronavirus strain has been detected in India, the nation's health ministry announced on Wednesday, but officials have not yet determined if the variant is contributing to a surge of cases in t… [+1764 chars]"
    },
    {
      "source": {
        "id": null,
        "name": "NPR"
      },
      "author": "Rachel Treisman",
      "description": "The Event Horizon Telescope project, which produced the world's first image of a black hole in 2019 in the M87 galaxy, unveiled a new view of its magnetic fields as captured by polarized light.",
      "url": "https://www.npr.org/2021/03/24/980896706/stunning-new-image-of-black-hole-reveals-surrounding-magnetic-fields",
      "urlToImage": "https://media.npr.org/assets/img/2021/03/24/black-hole_wide-9e71068489f46bf5fad165a35cfa0be937b0e968.jpg?s=1400",
      "publishedAt": "2021-03-24T21:05:34Z",
      "content": "The Event Horizon Telescope collaboration, which released the world's first image of a black hole in 2019, unveiled a new view on Wednesday showing how the object at the center of the M87 galaxy look… [+4196 chars]"
    }
  ]
}
JSONObject["status"] not found.
Oct 30, 2024 3:05:30 PM CustomNewsAPI.Core.Parsers.APIParser lambda$0
SEVERE: Caught a JSONException while parsing.
{
  "status": "ok",
  "totalResults": 3,
  "articles": [
    {
      "source": {
        "id": "nbc-news",
        "name": "NBC News"
      },
      "author": "David K. Li, The Associated Press",
      "description": "NHL ices referee Tim Peel after hot mic captures odd, f-bomb comment",
      "url": "https://www.nbcnews.com/news/us-news/nhl-fires-referee-tim-peel-after-hot-mic-captures-him-n1261954",
      "urlToImage": "https://media4.s-nbcnews.com/j/newscms/2021_12/3459282/210324-tim-peel-jm-1401_53a25ae71f2d6a577dbd8be6bf880c4e.nbcnews-fp-1200-630.jpg",
      "publishedAt": "2021-03-24T19:06:32Z",
      "content": "The NHL fired referee Tim Peel on Wednesday after a hot mic captured him boasting about whistling a penalty because he \"wanted to.\"\r\nThe league's action came less than 24 hours after Peel officiated … [+1920 chars]"
    },
    {
      "source": {
        "id": "the-hill",
        "name": "The Hill"
      },
      "author": "Mychael Schnell",
      "description": "A new coronavirus strain has been detected in India, the ...",
      "url": "https://thehill.com/homenews/news/544754-new-coronavirus-strain-detected-in-india",
      "urlToImage": "https://thehill.com/sites/default/files/indiacoronavirus_032421getty.jpg",
      "publishedAt": "2021-03-24T18:59:09Z",
      "content": "A new coronavirus strain has been detected in India, the nation's health ministry announced on Wednesday, but officials have not yet determined if the variant is contributing to a surge of cases in t… [+1764 chars]"
    },
    {
      "source": {
        "id": null,
        "name": "NPR"
      },
      "author": "Rachel Treisman",
      "description": "The Event Horizon Telescope project, which produced the world's first image of a black hole in 2019 in the M87 galaxy, unveiled a new view of its magnetic fields as captured by polarized light.",
      "url": "https://www.npr.org/2021/03/24/980896706/stunning-new-image-of-black-hole-reveals-surrounding-magnetic-fields",
      "urlToImage": "https://media.npr.org/assets/img/2021/03/24/black-hole_wide-9e71068489f46bf5fad165a35cfa0be937b0e968.jpg?s=1400",
      "publishedAt": "2021-03-24T21:05:34Z",
      "content": "The Event Horizon Telescope collaboration, which released the world's first image of a black hole in 2019, unveiled a new view on Wednesday showing how the object at the center of the M87 galaxy look… [+4196 chars]"
    }
  ]
}
JSONObject["status"] not found.
]]></system-err>
  </testcase>
</testsuite>